[1.941s] DEBUG:colcon:Command line arguments: ['/usr/bin/colcon', 'build']
[1.941s] DEBUG:colcon:Parsed command line arguments: Namespace(allow_overriding=[], ament_cmake_args=None, base_paths=['.'], bazel_args=None, bazel_task=None, build_base='build', catkin_cmake_args=None, catkin_skip_building_tests=False, cmake_args=None, cmake_clean_cache=False, cmake_clean_first=False, cmake_force_configure=False, cmake_target=None, cmake_target_skip_unavailable=False, continue_on_error=False, event_handlers=None, executor='parallel', ignore_user_meta=False, install_base='install', log_base=None, log_level=None, main=<bound method BuildVerb.main of <colcon_core.verb.build.BuildVerb object at 0x7f0578c61880>>, merge_install=False, metas=['./colcon.meta'], mixin=None, mixin_files=None, mixin_verb=('build',), packages_above=None, packages_above_and_dependencies=None, packages_above_depth=None, packages_end=None, packages_ignore=None, packages_ignore_regex=None, packages_select=None, packages_select_build_failed=False, packages_select_by_dep=None, packages_select_regex=None, packages_select_test_failures=False, packages_skip=None, packages_skip_build_finished=False, packages_skip_by_dep=None, packages_skip_regex=None, packages_skip_test_passed=False, packages_skip_up_to=None, packages_start=None, packages_up_to=None, packages_up_to_regex=None, parallel_workers=8, paths=None, symlink_install=False, test_result_base=None, verb_extension=<colcon_core.verb.build.BuildVerb object at 0x7f0578c61880>, verb_name='build', verb_parser=<colcon_alias.argument_parser.alias.AliasArgumentDecorator object at 0x7f0578c007c0>)
[2.774s] Level 1:colcon.colcon_core.package_discovery:discover_packages(colcon_meta) check parameters
[2.774s] Level 1:colcon.colcon_core.package_discovery:discover_packages(recursive) check parameters
[2.774s] Level 1:colcon.colcon_core.package_discovery:discover_packages(ignore) check parameters
[2.774s] Level 1:colcon.colcon_core.package_discovery:discover_packages(path) check parameters
[2.774s] Level 1:colcon.colcon_core.package_discovery:discover_packages(colcon_meta) discover
[2.774s] Level 1:colcon.colcon_core.package_discovery:discover_packages(recursive) discover
[2.774s] INFO:colcon.colcon_core.package_discovery:Crawling recursively for packages in '/home/user/ros2_ws'
[2.774s] Level 1:colcon.colcon_core.package_identification:_identify(.) by extensions ['ignore', 'ignore_ament_install']
[2.774s] Level 1:colcon.colcon_core.package_identification:_identify(.) by extension 'ignore'
[2.774s] Level 1:colcon.colcon_core.package_identification:_identify(.) by extension 'ignore_ament_install'
[2.775s] Level 1:colcon.colcon_core.package_identification:_identify(.) by extensions ['colcon_pkg']
[2.775s] Level 1:colcon.colcon_core.package_identification:_identify(.) by extension 'colcon_pkg'
[2.775s] Level 1:colcon.colcon_core.package_identification:_identify(.) by extensions ['colcon_meta']
[2.775s] Level 1:colcon.colcon_core.package_identification:_identify(.) by extension 'colcon_meta'
[2.775s] Level 1:colcon.colcon_core.package_identification:_identify(.) by extensions ['ros']
[2.775s] Level 1:colcon.colcon_core.package_identification:_identify(.) by extension 'ros'
[2.912s] Level 1:colcon.colcon_core.package_identification:_identify(.) by extensions ['bazel', 'cmake', 'python']
[2.912s] Level 1:colcon.colcon_core.package_identification:_identify(.) by extension 'bazel'
[2.912s] Level 1:colcon.colcon_core.package_identification:_identify(.) by extension 'cmake'
[2.912s] Level 1:colcon.colcon_core.package_identification:_identify(.) by extension 'python'
[2.912s] Level 1:colcon.colcon_core.package_identification:_identify(.) by extensions ['python_setup_py']
[2.912s] Level 1:colcon.colcon_core.package_identification:_identify(.) by extension 'python_setup_py'
[2.913s] Level 1:colcon.colcon_core.package_identification:_identify(build) by extensions ['ignore', 'ignore_ament_install']
[2.913s] Level 1:colcon.colcon_core.package_identification:_identify(build) by extension 'ignore'
[2.913s] Level 1:colcon.colcon_core.package_identification:_identify(build) ignored
[2.913s] Level 1:colcon.colcon_core.package_identification:_identify(install) by extensions ['ignore', 'ignore_ament_install']
[2.913s] Level 1:colcon.colcon_core.package_identification:_identify(install) by extension 'ignore'
[2.913s] Level 1:colcon.colcon_core.package_identification:_identify(install) ignored
[2.913s] Level 1:colcon.colcon_core.package_identification:_identify(log) by extensions ['ignore', 'ignore_ament_install']
[2.913s] Level 1:colcon.colcon_core.package_identification:_identify(log) by extension 'ignore'
[2.913s] Level 1:colcon.colcon_core.package_identification:_identify(log) ignored
[2.913s] Level 1:colcon.colcon_core.package_identification:_identify(src) by extensions ['ignore', 'ignore_ament_install']
[2.913s] Level 1:colcon.colcon_core.package_identification:_identify(src) by extension 'ignore'
[2.913s] Level 1:colcon.colcon_core.package_identification:_identify(src) by extension 'ignore_ament_install'
[2.913s] Level 1:colcon.colcon_core.package_identification:_identify(src) by extensions ['colcon_pkg']
[2.913s] Level 1:colcon.colcon_core.package_identification:_identify(src) by extension 'colcon_pkg'
[2.914s] Level 1:colcon.colcon_core.package_identification:_identify(src) by extensions ['colcon_meta']
[2.914s] Level 1:colcon.colcon_core.package_identification:_identify(src) by extension 'colcon_meta'
[2.914s] Level 1:colcon.colcon_core.package_identification:_identify(src) by extensions ['ros']
[2.914s] Level 1:colcon.colcon_core.package_identification:_identify(src) by extension 'ros'
[2.914s] Level 1:colcon.colcon_core.package_identification:_identify(src) by extensions ['bazel', 'cmake', 'python']
[2.914s] Level 1:colcon.colcon_core.package_identification:_identify(src) by extension 'bazel'
[2.914s] Level 1:colcon.colcon_core.package_identification:_identify(src) by extension 'cmake'
[2.914s] Level 1:colcon.colcon_core.package_identification:_identify(src) by extension 'python'
[2.914s] Level 1:colcon.colcon_core.package_identification:_identify(src) by extensions ['python_setup_py']
[2.914s] Level 1:colcon.colcon_core.package_identification:_identify(src) by extension 'python_setup_py'
[2.914s] Level 1:colcon.colcon_core.package_identification:_identify(src/ros2_ci) by extensions ['ignore', 'ignore_ament_install']
[2.914s] Level 1:colcon.colcon_core.package_identification:_identify(src/ros2_ci) by extension 'ignore'
[2.914s] Level 1:colcon.colcon_core.package_identification:_identify(src/ros2_ci) by extension 'ignore_ament_install'
[2.914s] Level 1:colcon.colcon_core.package_identification:_identify(src/ros2_ci) by extensions ['colcon_pkg']
[2.914s] Level 1:colcon.colcon_core.package_identification:_identify(src/ros2_ci) by extension 'colcon_pkg'
[2.914s] Level 1:colcon.colcon_core.package_identification:_identify(src/ros2_ci) by extensions ['colcon_meta']
[2.914s] Level 1:colcon.colcon_core.package_identification:_identify(src/ros2_ci) by extension 'colcon_meta'
[2.914s] Level 1:colcon.colcon_core.package_identification:_identify(src/ros2_ci) by extensions ['ros']
[2.914s] Level 1:colcon.colcon_core.package_identification:_identify(src/ros2_ci) by extension 'ros'
[2.914s] Level 1:colcon.colcon_core.package_identification:_identify(src/ros2_ci) by extensions ['bazel', 'cmake', 'python']
[2.915s] Level 1:colcon.colcon_core.package_identification:_identify(src/ros2_ci) by extension 'bazel'
[2.915s] Level 1:colcon.colcon_core.package_identification:_identify(src/ros2_ci) by extension 'cmake'
[2.915s] Level 1:colcon.colcon_core.package_identification:_identify(src/ros2_ci) by extension 'python'
[2.915s] Level 1:colcon.colcon_core.package_identification:_identify(src/ros2_ci) by extensions ['python_setup_py']
[2.915s] Level 1:colcon.colcon_core.package_identification:_identify(src/ros2_ci) by extension 'python_setup_py'
[2.915s] Level 1:colcon.colcon_core.package_identification:_identify(src/tortoisebot) by extensions ['ignore', 'ignore_ament_install']
[2.915s] Level 1:colcon.colcon_core.package_identification:_identify(src/tortoisebot) by extension 'ignore'
[2.915s] Level 1:colcon.colcon_core.package_identification:_identify(src/tortoisebot) by extension 'ignore_ament_install'
[2.915s] Level 1:colcon.colcon_core.package_identification:_identify(src/tortoisebot) by extensions ['colcon_pkg']
[2.915s] Level 1:colcon.colcon_core.package_identification:_identify(src/tortoisebot) by extension 'colcon_pkg'
[2.915s] Level 1:colcon.colcon_core.package_identification:_identify(src/tortoisebot) by extensions ['colcon_meta']
[2.915s] Level 1:colcon.colcon_core.package_identification:_identify(src/tortoisebot) by extension 'colcon_meta'
[2.915s] Level 1:colcon.colcon_core.package_identification:_identify(src/tortoisebot) by extensions ['ros']
[2.915s] Level 1:colcon.colcon_core.package_identification:_identify(src/tortoisebot) by extension 'ros'
[2.915s] Level 1:colcon.colcon_core.package_identification:_identify(src/tortoisebot) by extensions ['bazel', 'cmake', 'python']
[2.915s] Level 1:colcon.colcon_core.package_identification:_identify(src/tortoisebot) by extension 'bazel'
[2.915s] Level 1:colcon.colcon_core.package_identification:_identify(src/tortoisebot) by extension 'cmake'
[2.915s] Level 1:colcon.colcon_core.package_identification:_identify(src/tortoisebot) by extension 'python'
[2.915s] Level 1:colcon.colcon_core.package_identification:_identify(src/tortoisebot) by extensions ['python_setup_py']
[2.915s] Level 1:colcon.colcon_core.package_identification:_identify(src/tortoisebot) by extension 'python_setup_py'
[2.916s] Level 1:colcon.colcon_core.package_identification:_identify(src/tortoisebot/tortoisebot_bringup) by extensions ['ignore', 'ignore_ament_install']
[2.916s] Level 1:colcon.colcon_core.package_identification:_identify(src/tortoisebot/tortoisebot_bringup) by extension 'ignore'
[2.916s] Level 1:colcon.colcon_core.package_identification:_identify(src/tortoisebot/tortoisebot_bringup) by extension 'ignore_ament_install'
[2.916s] Level 1:colcon.colcon_core.package_identification:_identify(src/tortoisebot/tortoisebot_bringup) by extensions ['colcon_pkg']
[2.916s] Level 1:colcon.colcon_core.package_identification:_identify(src/tortoisebot/tortoisebot_bringup) by extension 'colcon_pkg'
[2.916s] Level 1:colcon.colcon_core.package_identification:_identify(src/tortoisebot/tortoisebot_bringup) by extensions ['colcon_meta']
[2.916s] Level 1:colcon.colcon_core.package_identification:_identify(src/tortoisebot/tortoisebot_bringup) by extension 'colcon_meta'
[2.916s] Level 1:colcon.colcon_core.package_identification:_identify(src/tortoisebot/tortoisebot_bringup) by extensions ['ros']
[2.916s] Level 1:colcon.colcon_core.package_identification:_identify(src/tortoisebot/tortoisebot_bringup) by extension 'ros'
[2.920s] DEBUG:colcon.colcon_core.package_identification:Package 'src/tortoisebot/tortoisebot_bringup' with type 'ros.ament_cmake' and name 'tortoisebot_bringup'
[2.920s] Level 1:colcon.colcon_core.package_identification:_identify(src/tortoisebot/tortoisebot_control) by extensions ['ignore', 'ignore_ament_install']
[2.920s] Level 1:colcon.colcon_core.package_identification:_identify(src/tortoisebot/tortoisebot_control) by extension 'ignore'
[2.920s] Level 1:colcon.colcon_core.package_identification:_identify(src/tortoisebot/tortoisebot_control) ignored
[2.920s] Level 1:colcon.colcon_core.package_identification:_identify(src/tortoisebot/tortoisebot_description) by extensions ['ignore', 'ignore_ament_install']
[2.920s] Level 1:colcon.colcon_core.package_identification:_identify(src/tortoisebot/tortoisebot_description) by extension 'ignore'
[2.920s] Level 1:colcon.colcon_core.package_identification:_identify(src/tortoisebot/tortoisebot_description) by extension 'ignore_ament_install'
[2.920s] Level 1:colcon.colcon_core.package_identification:_identify(src/tortoisebot/tortoisebot_description) by extensions ['colcon_pkg']
[2.920s] Level 1:colcon.colcon_core.package_identification:_identify(src/tortoisebot/tortoisebot_description) by extension 'colcon_pkg'
[2.920s] Level 1:colcon.colcon_core.package_identification:_identify(src/tortoisebot/tortoisebot_description) by extensions ['colcon_meta']
[2.920s] Level 1:colcon.colcon_core.package_identification:_identify(src/tortoisebot/tortoisebot_description) by extension 'colcon_meta'
[2.920s] Level 1:colcon.colcon_core.package_identification:_identify(src/tortoisebot/tortoisebot_description) by extensions ['ros']
[2.920s] Level 1:colcon.colcon_core.package_identification:_identify(src/tortoisebot/tortoisebot_description) by extension 'ros'
[2.921s] DEBUG:colcon.colcon_core.package_identification:Package 'src/tortoisebot/tortoisebot_description' with type 'ros.ament_cmake' and name 'tortoisebot_description'
[2.921s] Level 1:colcon.colcon_core.package_identification:_identify(src/tortoisebot/tortoisebot_firmware) by extensions ['ignore', 'ignore_ament_install']
[2.921s] Level 1:colcon.colcon_core.package_identification:_identify(src/tortoisebot/tortoisebot_firmware) by extension 'ignore'
[2.921s] Level 1:colcon.colcon_core.package_identification:_identify(src/tortoisebot/tortoisebot_firmware) by extension 'ignore_ament_install'
[2.921s] Level 1:colcon.colcon_core.package_identification:_identify(src/tortoisebot/tortoisebot_firmware) by extensions ['colcon_pkg']
[2.921s] Level 1:colcon.colcon_core.package_identification:_identify(src/tortoisebot/tortoisebot_firmware) by extension 'colcon_pkg'
[2.921s] Level 1:colcon.colcon_core.package_identification:_identify(src/tortoisebot/tortoisebot_firmware) by extensions ['colcon_meta']
[2.922s] Level 1:colcon.colcon_core.package_identification:_identify(src/tortoisebot/tortoisebot_firmware) by extension 'colcon_meta'
[2.922s] Level 1:colcon.colcon_core.package_identification:_identify(src/tortoisebot/tortoisebot_firmware) by extensions ['ros']
[2.922s] Level 1:colcon.colcon_core.package_identification:_identify(src/tortoisebot/tortoisebot_firmware) by extension 'ros'
[2.922s] DEBUG:colcon.colcon_core.package_identification:Package 'src/tortoisebot/tortoisebot_firmware' with type 'ros.ament_cmake' and name 'tortoisebot_firmware'
[2.922s] Level 1:colcon.colcon_core.package_identification:_identify(src/tortoisebot/tortoisebot_gazebo) by extensions ['ignore', 'ignore_ament_install']
[2.922s] Level 1:colcon.colcon_core.package_identification:_identify(src/tortoisebot/tortoisebot_gazebo) by extension 'ignore'
[2.923s] Level 1:colcon.colcon_core.package_identification:_identify(src/tortoisebot/tortoisebot_gazebo) by extension 'ignore_ament_install'
[2.923s] Level 1:colcon.colcon_core.package_identification:_identify(src/tortoisebot/tortoisebot_gazebo) by extensions ['colcon_pkg']
[2.923s] Level 1:colcon.colcon_core.package_identification:_identify(src/tortoisebot/tortoisebot_gazebo) by extension 'colcon_pkg'
[2.923s] Level 1:colcon.colcon_core.package_identification:_identify(src/tortoisebot/tortoisebot_gazebo) by extensions ['colcon_meta']
[2.923s] Level 1:colcon.colcon_core.package_identification:_identify(src/tortoisebot/tortoisebot_gazebo) by extension 'colcon_meta'
[2.923s] Level 1:colcon.colcon_core.package_identification:_identify(src/tortoisebot/tortoisebot_gazebo) by extensions ['ros']
[2.923s] Level 1:colcon.colcon_core.package_identification:_identify(src/tortoisebot/tortoisebot_gazebo) by extension 'ros'
[2.923s] DEBUG:colcon.colcon_core.package_identification:Package 'src/tortoisebot/tortoisebot_gazebo' with type 'ros.ament_cmake' and name 'tortoisebot_gazebo'
[2.923s] Level 1:colcon.colcon_core.package_identification:_identify(src/tortoisebot/tortoisebot_navigation) by extensions ['ignore', 'ignore_ament_install']
[2.923s] Level 1:colcon.colcon_core.package_identification:_identify(src/tortoisebot/tortoisebot_navigation) by extension 'ignore'
[2.924s] Level 1:colcon.colcon_core.package_identification:_identify(src/tortoisebot/tortoisebot_navigation) by extension 'ignore_ament_install'
[2.924s] Level 1:colcon.colcon_core.package_identification:_identify(src/tortoisebot/tortoisebot_navigation) by extensions ['colcon_pkg']
[2.924s] Level 1:colcon.colcon_core.package_identification:_identify(src/tortoisebot/tortoisebot_navigation) by extension 'colcon_pkg'
[2.924s] Level 1:colcon.colcon_core.package_identification:_identify(src/tortoisebot/tortoisebot_navigation) by extensions ['colcon_meta']
[2.924s] Level 1:colcon.colcon_core.package_identification:_identify(src/tortoisebot/tortoisebot_navigation) by extension 'colcon_meta'
[2.924s] Level 1:colcon.colcon_core.package_identification:_identify(src/tortoisebot/tortoisebot_navigation) by extensions ['ros']
[2.924s] Level 1:colcon.colcon_core.package_identification:_identify(src/tortoisebot/tortoisebot_navigation) by extension 'ros'
[2.924s] DEBUG:colcon.colcon_core.package_identification:Package 'src/tortoisebot/tortoisebot_navigation' with type 'ros.ament_cmake' and name 'tortoisebot_navigation'
[2.924s] Level 1:colcon.colcon_core.package_identification:_identify(src/tortoisebot/tortoisebot_slam) by extensions ['ignore', 'ignore_ament_install']
[2.924s] Level 1:colcon.colcon_core.package_identification:_identify(src/tortoisebot/tortoisebot_slam) by extension 'ignore'
[2.924s] Level 1:colcon.colcon_core.package_identification:_identify(src/tortoisebot/tortoisebot_slam) by extension 'ignore_ament_install'
[2.925s] Level 1:colcon.colcon_core.package_identification:_identify(src/tortoisebot/tortoisebot_slam) by extensions ['colcon_pkg']
[2.925s] Level 1:colcon.colcon_core.package_identification:_identify(src/tortoisebot/tortoisebot_slam) by extension 'colcon_pkg'
[2.925s] Level 1:colcon.colcon_core.package_identification:_identify(src/tortoisebot/tortoisebot_slam) by extensions ['colcon_meta']
[2.925s] Level 1:colcon.colcon_core.package_identification:_identify(src/tortoisebot/tortoisebot_slam) by extension 'colcon_meta'
[2.925s] Level 1:colcon.colcon_core.package_identification:_identify(src/tortoisebot/tortoisebot_slam) by extensions ['ros']
[2.925s] Level 1:colcon.colcon_core.package_identification:_identify(src/tortoisebot/tortoisebot_slam) by extension 'ros'
[2.925s] DEBUG:colcon.colcon_core.package_identification:Package 'src/tortoisebot/tortoisebot_slam' with type 'ros.ament_cmake' and name 'tortoisebot_slam'
[2.925s] Level 1:colcon.colcon_core.package_identification:_identify(src/tortoisebot/ydlidar-ros2) by extensions ['ignore', 'ignore_ament_install']
[2.925s] Level 1:colcon.colcon_core.package_identification:_identify(src/tortoisebot/ydlidar-ros2) by extension 'ignore'
[2.925s] Level 1:colcon.colcon_core.package_identification:_identify(src/tortoisebot/ydlidar-ros2) by extension 'ignore_ament_install'
[2.925s] Level 1:colcon.colcon_core.package_identification:_identify(src/tortoisebot/ydlidar-ros2) by extensions ['colcon_pkg']
[2.925s] Level 1:colcon.colcon_core.package_identification:_identify(src/tortoisebot/ydlidar-ros2) by extension 'colcon_pkg'
[2.926s] Level 1:colcon.colcon_core.package_identification:_identify(src/tortoisebot/ydlidar-ros2) by extensions ['colcon_meta']
[2.926s] Level 1:colcon.colcon_core.package_identification:_identify(src/tortoisebot/ydlidar-ros2) by extension 'colcon_meta'
[2.926s] Level 1:colcon.colcon_core.package_identification:_identify(src/tortoisebot/ydlidar-ros2) by extensions ['ros']
[2.926s] Level 1:colcon.colcon_core.package_identification:_identify(src/tortoisebot/ydlidar-ros2) by extension 'ros'
[2.926s] DEBUG:colcon.colcon_core.package_identification:Package 'src/tortoisebot/ydlidar-ros2' with type 'ros.ament_cmake' and name 'ydlidar'
[2.926s] Level 1:colcon.colcon_core.package_identification:_identify(src/tortoisebot_waypoints) by extensions ['ignore', 'ignore_ament_install']
[2.926s] Level 1:colcon.colcon_core.package_identification:_identify(src/tortoisebot_waypoints) by extension 'ignore'
[2.927s] Level 1:colcon.colcon_core.package_identification:_identify(src/tortoisebot_waypoints) by extension 'ignore_ament_install'
[2.927s] Level 1:colcon.colcon_core.package_identification:_identify(src/tortoisebot_waypoints) by extensions ['colcon_pkg']
[2.927s] Level 1:colcon.colcon_core.package_identification:_identify(src/tortoisebot_waypoints) by extension 'colcon_pkg'
[2.927s] Level 1:colcon.colcon_core.package_identification:_identify(src/tortoisebot_waypoints) by extensions ['colcon_meta']
[2.927s] Level 1:colcon.colcon_core.package_identification:_identify(src/tortoisebot_waypoints) by extension 'colcon_meta'
[2.927s] Level 1:colcon.colcon_core.package_identification:_identify(src/tortoisebot_waypoints) by extensions ['ros']
[2.927s] Level 1:colcon.colcon_core.package_identification:_identify(src/tortoisebot_waypoints) by extension 'ros'
[2.928s] DEBUG:colcon.colcon_core.package_identification:Package 'src/tortoisebot_waypoints' with type 'ros.ament_cmake' and name 'tortoisebot_waypoints'
[2.928s] Level 1:colcon.colcon_core.package_discovery:discover_packages(recursive) using defaults
[2.928s] Level 1:colcon.colcon_core.package_discovery:discover_packages(ignore) discover
[2.928s] Level 1:colcon.colcon_core.package_discovery:discover_packages(ignore) using defaults
[2.928s] Level 1:colcon.colcon_core.package_discovery:discover_packages(path) discover
[2.928s] Level 1:colcon.colcon_core.package_discovery:discover_packages(path) using defaults
[3.197s] Level 1:colcon.colcon_core.package_discovery:discover_packages(prefix_path) check parameters
[3.197s] Level 1:colcon.colcon_core.package_discovery:discover_packages(prefix_path) discover
[3.267s] DEBUG:colcon.colcon_installed_package_information.package_discovery:Found 1 installed packages in /home/simulations/ros2_sims_ws/install
[3.268s] DEBUG:colcon.colcon_installed_package_information.package_discovery:Found 7 installed packages in /home/user/ros2_ws/install
[3.272s] DEBUG:colcon.colcon_installed_package_information.package_discovery:Found 444 installed packages in /opt/ros/galactic
[3.274s] Level 1:colcon.colcon_core.package_discovery:discover_packages(prefix_path) using defaults
[3.473s] Level 5:colcon.colcon_core.verb:set package 'tortoisebot_bringup' build argument 'bazel_args' from command line to 'None'
[3.473s] Level 5:colcon.colcon_core.verb:set package 'tortoisebot_bringup' build argument 'bazel_task' from command line to 'None'
[3.473s] Level 5:colcon.colcon_core.verb:set package 'tortoisebot_bringup' build argument 'cmake_args' from command line to 'None'
[3.473s] Level 5:colcon.colcon_core.verb:set package 'tortoisebot_bringup' build argument 'cmake_target' from command line to 'None'
[3.473s] Level 5:colcon.colcon_core.verb:set package 'tortoisebot_bringup' build argument 'cmake_target_skip_unavailable' from command line to 'False'
[3.473s] Level 5:colcon.colcon_core.verb:set package 'tortoisebot_bringup' build argument 'cmake_clean_cache' from command line to 'False'
[3.473s] Level 5:colcon.colcon_core.verb:set package 'tortoisebot_bringup' build argument 'cmake_clean_first' from command line to 'False'
[3.473s] Level 5:colcon.colcon_core.verb:set package 'tortoisebot_bringup' build argument 'cmake_force_configure' from command line to 'False'
[3.473s] Level 5:colcon.colcon_core.verb:set package 'tortoisebot_bringup' build argument 'ament_cmake_args' from command line to 'None'
[3.473s] Level 5:colcon.colcon_core.verb:set package 'tortoisebot_bringup' build argument 'catkin_cmake_args' from command line to 'None'
[3.473s] Level 5:colcon.colcon_core.verb:set package 'tortoisebot_bringup' build argument 'catkin_skip_building_tests' from command line to 'False'
[3.473s] DEBUG:colcon.colcon_core.verb:Building package 'tortoisebot_bringup' with the following arguments: {'ament_cmake_args': None, 'bazel_args': None, 'bazel_task': None, 'build_base': '/home/user/ros2_ws/build/tortoisebot_bringup', 'catkin_cmake_args': None, 'catkin_skip_building_tests': False, 'cmake_args': None, 'cmake_clean_cache': False, 'cmake_clean_first': False, 'cmake_force_configure': False, 'cmake_target': None, 'cmake_target_skip_unavailable': False, 'install_base': '/home/user/ros2_ws/install/tortoisebot_bringup', 'merge_install': False, 'path': '/home/user/ros2_ws/src/tortoisebot/tortoisebot_bringup', 'symlink_install': False, 'test_result_base': None}
[3.475s] Level 5:colcon.colcon_core.verb:set package 'tortoisebot_description' build argument 'bazel_args' from command line to 'None'
[3.475s] Level 5:colcon.colcon_core.verb:set package 'tortoisebot_description' build argument 'bazel_task' from command line to 'None'
[3.475s] Level 5:colcon.colcon_core.verb:set package 'tortoisebot_description' build argument 'cmake_args' from command line to 'None'
[3.475s] Level 5:colcon.colcon_core.verb:set package 'tortoisebot_description' build argument 'cmake_target' from command line to 'None'
[3.475s] Level 5:colcon.colcon_core.verb:set package 'tortoisebot_description' build argument 'cmake_target_skip_unavailable' from command line to 'False'
[3.475s] Level 5:colcon.colcon_core.verb:set package 'tortoisebot_description' build argument 'cmake_clean_cache' from command line to 'False'
[3.475s] Level 5:colcon.colcon_core.verb:set package 'tortoisebot_description' build argument 'cmake_clean_first' from command line to 'False'
[3.475s] Level 5:colcon.colcon_core.verb:set package 'tortoisebot_description' build argument 'cmake_force_configure' from command line to 'False'
[3.475s] Level 5:colcon.colcon_core.verb:set package 'tortoisebot_description' build argument 'ament_cmake_args' from command line to 'None'
[3.475s] Level 5:colcon.colcon_core.verb:set package 'tortoisebot_description' build argument 'catkin_cmake_args' from command line to 'None'
[3.475s] Level 5:colcon.colcon_core.verb:set package 'tortoisebot_description' build argument 'catkin_skip_building_tests' from command line to 'False'
[3.475s] DEBUG:colcon.colcon_core.verb:Building package 'tortoisebot_description' with the following arguments: {'ament_cmake_args': None, 'bazel_args': None, 'bazel_task': None, 'build_base': '/home/user/ros2_ws/build/tortoisebot_description', 'catkin_cmake_args': None, 'catkin_skip_building_tests': False, 'cmake_args': None, 'cmake_clean_cache': False, 'cmake_clean_first': False, 'cmake_force_configure': False, 'cmake_target': None, 'cmake_target_skip_unavailable': False, 'install_base': '/home/user/ros2_ws/install/tortoisebot_description', 'merge_install': False, 'path': '/home/user/ros2_ws/src/tortoisebot/tortoisebot_description', 'symlink_install': False, 'test_result_base': None}
[3.476s] Level 5:colcon.colcon_core.verb:set package 'tortoisebot_firmware' build argument 'bazel_args' from command line to 'None'
[3.476s] Level 5:colcon.colcon_core.verb:set package 'tortoisebot_firmware' build argument 'bazel_task' from command line to 'None'
[3.476s] Level 5:colcon.colcon_core.verb:set package 'tortoisebot_firmware' build argument 'cmake_args' from command line to 'None'
[3.476s] Level 5:colcon.colcon_core.verb:set package 'tortoisebot_firmware' build argument 'cmake_target' from command line to 'None'
[3.476s] Level 5:colcon.colcon_core.verb:set package 'tortoisebot_firmware' build argument 'cmake_target_skip_unavailable' from command line to 'False'
[3.476s] Level 5:colcon.colcon_core.verb:set package 'tortoisebot_firmware' build argument 'cmake_clean_cache' from command line to 'False'
[3.476s] Level 5:colcon.colcon_core.verb:set package 'tortoisebot_firmware' build argument 'cmake_clean_first' from command line to 'False'
[3.476s] Level 5:colcon.colcon_core.verb:set package 'tortoisebot_firmware' build argument 'cmake_force_configure' from command line to 'False'
[3.476s] Level 5:colcon.colcon_core.verb:set package 'tortoisebot_firmware' build argument 'ament_cmake_args' from command line to 'None'
[3.476s] Level 5:colcon.colcon_core.verb:set package 'tortoisebot_firmware' build argument 'catkin_cmake_args' from command line to 'None'
[3.476s] Level 5:colcon.colcon_core.verb:set package 'tortoisebot_firmware' build argument 'catkin_skip_building_tests' from command line to 'False'
[3.477s] DEBUG:colcon.colcon_core.verb:Building package 'tortoisebot_firmware' with the following arguments: {'ament_cmake_args': None, 'bazel_args': None, 'bazel_task': None, 'build_base': '/home/user/ros2_ws/build/tortoisebot_firmware', 'catkin_cmake_args': None, 'catkin_skip_building_tests': False, 'cmake_args': None, 'cmake_clean_cache': False, 'cmake_clean_first': False, 'cmake_force_configure': False, 'cmake_target': None, 'cmake_target_skip_unavailable': False, 'install_base': '/home/user/ros2_ws/install/tortoisebot_firmware', 'merge_install': False, 'path': '/home/user/ros2_ws/src/tortoisebot/tortoisebot_firmware', 'symlink_install': False, 'test_result_base': None}
[3.478s] Level 5:colcon.colcon_core.verb:set package 'tortoisebot_gazebo' build argument 'bazel_args' from command line to 'None'
[3.478s] Level 5:colcon.colcon_core.verb:set package 'tortoisebot_gazebo' build argument 'bazel_task' from command line to 'None'
[3.478s] Level 5:colcon.colcon_core.verb:set package 'tortoisebot_gazebo' build argument 'cmake_args' from command line to 'None'
[3.478s] Level 5:colcon.colcon_core.verb:set package 'tortoisebot_gazebo' build argument 'cmake_target' from command line to 'None'
[3.478s] Level 5:colcon.colcon_core.verb:set package 'tortoisebot_gazebo' build argument 'cmake_target_skip_unavailable' from command line to 'False'
[3.478s] Level 5:colcon.colcon_core.verb:set package 'tortoisebot_gazebo' build argument 'cmake_clean_cache' from command line to 'False'
[3.478s] Level 5:colcon.colcon_core.verb:set package 'tortoisebot_gazebo' build argument 'cmake_clean_first' from command line to 'False'
[3.478s] Level 5:colcon.colcon_core.verb:set package 'tortoisebot_gazebo' build argument 'cmake_force_configure' from command line to 'False'
[3.478s] Level 5:colcon.colcon_core.verb:set package 'tortoisebot_gazebo' build argument 'ament_cmake_args' from command line to 'None'
[3.478s] Level 5:colcon.colcon_core.verb:set package 'tortoisebot_gazebo' build argument 'catkin_cmake_args' from command line to 'None'
[3.478s] Level 5:colcon.colcon_core.verb:set package 'tortoisebot_gazebo' build argument 'catkin_skip_building_tests' from command line to 'False'
[3.478s] DEBUG:colcon.colcon_core.verb:Building package 'tortoisebot_gazebo' with the following arguments: {'ament_cmake_args': None, 'bazel_args': None, 'bazel_task': None, 'build_base': '/home/user/ros2_ws/build/tortoisebot_gazebo', 'catkin_cmake_args': None, 'catkin_skip_building_tests': False, 'cmake_args': None, 'cmake_clean_cache': False, 'cmake_clean_first': False, 'cmake_force_configure': False, 'cmake_target': None, 'cmake_target_skip_unavailable': False, 'install_base': '/home/user/ros2_ws/install/tortoisebot_gazebo', 'merge_install': False, 'path': '/home/user/ros2_ws/src/tortoisebot/tortoisebot_gazebo', 'symlink_install': False, 'test_result_base': None}
[3.479s] Level 5:colcon.colcon_core.verb:set package 'tortoisebot_navigation' build argument 'bazel_args' from command line to 'None'
[3.479s] Level 5:colcon.colcon_core.verb:set package 'tortoisebot_navigation' build argument 'bazel_task' from command line to 'None'
[3.479s] Level 5:colcon.colcon_core.verb:set package 'tortoisebot_navigation' build argument 'cmake_args' from command line to 'None'
[3.479s] Level 5:colcon.colcon_core.verb:set package 'tortoisebot_navigation' build argument 'cmake_target' from command line to 'None'
[3.479s] Level 5:colcon.colcon_core.verb:set package 'tortoisebot_navigation' build argument 'cmake_target_skip_unavailable' from command line to 'False'
[3.479s] Level 5:colcon.colcon_core.verb:set package 'tortoisebot_navigation' build argument 'cmake_clean_cache' from command line to 'False'
[3.479s] Level 5:colcon.colcon_core.verb:set package 'tortoisebot_navigation' build argument 'cmake_clean_first' from command line to 'False'
[3.479s] Level 5:colcon.colcon_core.verb:set package 'tortoisebot_navigation' build argument 'cmake_force_configure' from command line to 'False'
[3.479s] Level 5:colcon.colcon_core.verb:set package 'tortoisebot_navigation' build argument 'ament_cmake_args' from command line to 'None'
[3.479s] Level 5:colcon.colcon_core.verb:set package 'tortoisebot_navigation' build argument 'catkin_cmake_args' from command line to 'None'
[3.479s] Level 5:colcon.colcon_core.verb:set package 'tortoisebot_navigation' build argument 'catkin_skip_building_tests' from command line to 'False'
[3.480s] DEBUG:colcon.colcon_core.verb:Building package 'tortoisebot_navigation' with the following arguments: {'ament_cmake_args': None, 'bazel_args': None, 'bazel_task': None, 'build_base': '/home/user/ros2_ws/build/tortoisebot_navigation', 'catkin_cmake_args': None, 'catkin_skip_building_tests': False, 'cmake_args': None, 'cmake_clean_cache': False, 'cmake_clean_first': False, 'cmake_force_configure': False, 'cmake_target': None, 'cmake_target_skip_unavailable': False, 'install_base': '/home/user/ros2_ws/install/tortoisebot_navigation', 'merge_install': False, 'path': '/home/user/ros2_ws/src/tortoisebot/tortoisebot_navigation', 'symlink_install': False, 'test_result_base': None}
[3.481s] Level 5:colcon.colcon_core.verb:set package 'tortoisebot_slam' build argument 'bazel_args' from command line to 'None'
[3.481s] Level 5:colcon.colcon_core.verb:set package 'tortoisebot_slam' build argument 'bazel_task' from command line to 'None'
[3.481s] Level 5:colcon.colcon_core.verb:set package 'tortoisebot_slam' build argument 'cmake_args' from command line to 'None'
[3.481s] Level 5:colcon.colcon_core.verb:set package 'tortoisebot_slam' build argument 'cmake_target' from command line to 'None'
[3.481s] Level 5:colcon.colcon_core.verb:set package 'tortoisebot_slam' build argument 'cmake_target_skip_unavailable' from command line to 'False'
[3.481s] Level 5:colcon.colcon_core.verb:set package 'tortoisebot_slam' build argument 'cmake_clean_cache' from command line to 'False'
[3.481s] Level 5:colcon.colcon_core.verb:set package 'tortoisebot_slam' build argument 'cmake_clean_first' from command line to 'False'
[3.481s] Level 5:colcon.colcon_core.verb:set package 'tortoisebot_slam' build argument 'cmake_force_configure' from command line to 'False'
[3.481s] Level 5:colcon.colcon_core.verb:set package 'tortoisebot_slam' build argument 'ament_cmake_args' from command line to 'None'
[3.481s] Level 5:colcon.colcon_core.verb:set package 'tortoisebot_slam' build argument 'catkin_cmake_args' from command line to 'None'
[3.481s] Level 5:colcon.colcon_core.verb:set package 'tortoisebot_slam' build argument 'catkin_skip_building_tests' from command line to 'False'
[3.481s] DEBUG:colcon.colcon_core.verb:Building package 'tortoisebot_slam' with the following arguments: {'ament_cmake_args': None, 'bazel_args': None, 'bazel_task': None, 'build_base': '/home/user/ros2_ws/build/tortoisebot_slam', 'catkin_cmake_args': None, 'catkin_skip_building_tests': False, 'cmake_args': None, 'cmake_clean_cache': False, 'cmake_clean_first': False, 'cmake_force_configure': False, 'cmake_target': None, 'cmake_target_skip_unavailable': False, 'install_base': '/home/user/ros2_ws/install/tortoisebot_slam', 'merge_install': False, 'path': '/home/user/ros2_ws/src/tortoisebot/tortoisebot_slam', 'symlink_install': False, 'test_result_base': None}
[3.482s] Level 5:colcon.colcon_core.verb:set package 'tortoisebot_waypoints' build argument 'bazel_args' from command line to 'None'
[3.483s] Level 5:colcon.colcon_core.verb:set package 'tortoisebot_waypoints' build argument 'bazel_task' from command line to 'None'
[3.483s] Level 5:colcon.colcon_core.verb:set package 'tortoisebot_waypoints' build argument 'cmake_args' from command line to 'None'
[3.483s] Level 5:colcon.colcon_core.verb:set package 'tortoisebot_waypoints' build argument 'cmake_target' from command line to 'None'
[3.483s] Level 5:colcon.colcon_core.verb:set package 'tortoisebot_waypoints' build argument 'cmake_target_skip_unavailable' from command line to 'False'
[3.483s] Level 5:colcon.colcon_core.verb:set package 'tortoisebot_waypoints' build argument 'cmake_clean_cache' from command line to 'False'
[3.483s] Level 5:colcon.colcon_core.verb:set package 'tortoisebot_waypoints' build argument 'cmake_clean_first' from command line to 'False'
[3.483s] Level 5:colcon.colcon_core.verb:set package 'tortoisebot_waypoints' build argument 'cmake_force_configure' from command line to 'False'
[3.483s] Level 5:colcon.colcon_core.verb:set package 'tortoisebot_waypoints' build argument 'ament_cmake_args' from command line to 'None'
[3.483s] Level 5:colcon.colcon_core.verb:set package 'tortoisebot_waypoints' build argument 'catkin_cmake_args' from command line to 'None'
[3.483s] Level 5:colcon.colcon_core.verb:set package 'tortoisebot_waypoints' build argument 'catkin_skip_building_tests' from command line to 'False'
[3.483s] DEBUG:colcon.colcon_core.verb:Building package 'tortoisebot_waypoints' with the following arguments: {'ament_cmake_args': None, 'bazel_args': None, 'bazel_task': None, 'build_base': '/home/user/ros2_ws/build/tortoisebot_waypoints', 'catkin_cmake_args': None, 'catkin_skip_building_tests': False, 'cmake_args': None, 'cmake_clean_cache': False, 'cmake_clean_first': False, 'cmake_force_configure': False, 'cmake_target': None, 'cmake_target_skip_unavailable': False, 'install_base': '/home/user/ros2_ws/install/tortoisebot_waypoints', 'merge_install': False, 'path': '/home/user/ros2_ws/src/tortoisebot_waypoints', 'symlink_install': False, 'test_result_base': None}
[3.484s] Level 5:colcon.colcon_core.verb:set package 'ydlidar' build argument 'bazel_args' from command line to 'None'
[3.484s] Level 5:colcon.colcon_core.verb:set package 'ydlidar' build argument 'bazel_task' from command line to 'None'
[3.484s] Level 5:colcon.colcon_core.verb:set package 'ydlidar' build argument 'cmake_args' from command line to 'None'
[3.484s] Level 5:colcon.colcon_core.verb:set package 'ydlidar' build argument 'cmake_target' from command line to 'None'
[3.484s] Level 5:colcon.colcon_core.verb:set package 'ydlidar' build argument 'cmake_target_skip_unavailable' from command line to 'False'
[3.484s] Level 5:colcon.colcon_core.verb:set package 'ydlidar' build argument 'cmake_clean_cache' from command line to 'False'
[3.484s] Level 5:colcon.colcon_core.verb:set package 'ydlidar' build argument 'cmake_clean_first' from command line to 'False'
[3.484s] Level 5:colcon.colcon_core.verb:set package 'ydlidar' build argument 'cmake_force_configure' from command line to 'False'
[3.484s] Level 5:colcon.colcon_core.verb:set package 'ydlidar' build argument 'ament_cmake_args' from command line to 'None'
[3.484s] Level 5:colcon.colcon_core.verb:set package 'ydlidar' build argument 'catkin_cmake_args' from command line to 'None'
[3.484s] Level 5:colcon.colcon_core.verb:set package 'ydlidar' build argument 'catkin_skip_building_tests' from command line to 'False'
[3.484s] DEBUG:colcon.colcon_core.verb:Building package 'ydlidar' with the following arguments: {'ament_cmake_args': None, 'bazel_args': None, 'bazel_task': None, 'build_base': '/home/user/ros2_ws/build/ydlidar', 'catkin_cmake_args': None, 'catkin_skip_building_tests': False, 'cmake_args': None, 'cmake_clean_cache': False, 'cmake_clean_first': False, 'cmake_force_configure': False, 'cmake_target': None, 'cmake_target_skip_unavailable': False, 'install_base': '/home/user/ros2_ws/install/ydlidar', 'merge_install': False, 'path': '/home/user/ros2_ws/src/tortoisebot/ydlidar-ros2', 'symlink_install': False, 'test_result_base': None}
[3.485s] INFO:colcon.colcon_core.executor:Executing jobs using 'parallel' executor
[3.489s] DEBUG:colcon.colcon_parallel_executor.executor.parallel:run_until_complete
[3.489s] INFO:colcon.colcon_ros.task.ament_cmake.build:Building ROS package in '/home/user/ros2_ws/src/tortoisebot/tortoisebot_bringup' with build type 'ament_cmake'
[3.489s] INFO:colcon.colcon_cmake.task.cmake.build:Building CMake package in '/home/user/ros2_ws/src/tortoisebot/tortoisebot_bringup'
[3.499s] INFO:colcon.colcon_core.plugin_system:Skipping extension 'colcon_core.shell.bat': Not used on non-Windows systems
[3.499s] INFO:colcon.colcon_core.shell:Skip shell extension 'powershell' for command environment: Not usable outside of PowerShell
[3.499s] DEBUG:colcon.colcon_core.shell:Skip shell extension 'dsv' for command environment
[3.509s] INFO:colcon.colcon_ros.task.ament_cmake.build:Building ROS package in '/home/user/ros2_ws/src/tortoisebot/tortoisebot_description' with build type 'ament_cmake'
[3.509s] INFO:colcon.colcon_cmake.task.cmake.build:Building CMake package in '/home/user/ros2_ws/src/tortoisebot/tortoisebot_description'
[3.511s] INFO:colcon.colcon_core.shell:Skip shell extension 'powershell' for command environment: Not usable outside of PowerShell
[3.511s] DEBUG:colcon.colcon_core.shell:Skip shell extension 'dsv' for command environment
[3.520s] INFO:colcon.colcon_ros.task.ament_cmake.build:Building ROS package in '/home/user/ros2_ws/src/tortoisebot/tortoisebot_firmware' with build type 'ament_cmake'
[3.520s] INFO:colcon.colcon_cmake.task.cmake.build:Building CMake package in '/home/user/ros2_ws/src/tortoisebot/tortoisebot_firmware'
[3.522s] INFO:colcon.colcon_core.shell:Skip shell extension 'powershell' for command environment: Not usable outside of PowerShell
[3.522s] DEBUG:colcon.colcon_core.shell:Skip shell extension 'dsv' for command environment
[3.530s] INFO:colcon.colcon_ros.task.ament_cmake.build:Building ROS package in '/home/user/ros2_ws/src/tortoisebot/tortoisebot_gazebo' with build type 'ament_cmake'
[3.531s] INFO:colcon.colcon_cmake.task.cmake.build:Building CMake package in '/home/user/ros2_ws/src/tortoisebot/tortoisebot_gazebo'
[3.532s] INFO:colcon.colcon_core.shell:Skip shell extension 'powershell' for command environment: Not usable outside of PowerShell
[3.532s] DEBUG:colcon.colcon_core.shell:Skip shell extension 'dsv' for command environment
[3.541s] INFO:colcon.colcon_ros.task.ament_cmake.build:Building ROS package in '/home/user/ros2_ws/src/tortoisebot/tortoisebot_navigation' with build type 'ament_cmake'
[3.541s] INFO:colcon.colcon_cmake.task.cmake.build:Building CMake package in '/home/user/ros2_ws/src/tortoisebot/tortoisebot_navigation'
[3.543s] INFO:colcon.colcon_core.shell:Skip shell extension 'powershell' for command environment: Not usable outside of PowerShell
[3.543s] DEBUG:colcon.colcon_core.shell:Skip shell extension 'dsv' for command environment
[3.551s] INFO:colcon.colcon_ros.task.ament_cmake.build:Building ROS package in '/home/user/ros2_ws/src/tortoisebot/tortoisebot_slam' with build type 'ament_cmake'
[3.552s] INFO:colcon.colcon_cmake.task.cmake.build:Building CMake package in '/home/user/ros2_ws/src/tortoisebot/tortoisebot_slam'
[3.554s] INFO:colcon.colcon_core.shell:Skip shell extension 'powershell' for command environment: Not usable outside of PowerShell
[3.554s] DEBUG:colcon.colcon_core.shell:Skip shell extension 'dsv' for command environment
[3.562s] INFO:colcon.colcon_ros.task.ament_cmake.build:Building ROS package in '/home/user/ros2_ws/src/tortoisebot_waypoints' with build type 'ament_cmake'
[3.562s] INFO:colcon.colcon_cmake.task.cmake.build:Building CMake package in '/home/user/ros2_ws/src/tortoisebot_waypoints'
[3.564s] INFO:colcon.colcon_core.shell:Skip shell extension 'powershell' for command environment: Not usable outside of PowerShell
[3.564s] DEBUG:colcon.colcon_core.shell:Skip shell extension 'dsv' for command environment
[3.573s] INFO:colcon.colcon_ros.task.ament_cmake.build:Building ROS package in '/home/user/ros2_ws/src/tortoisebot/ydlidar-ros2' with build type 'ament_cmake'
[3.573s] INFO:colcon.colcon_cmake.task.cmake.build:Building CMake package in '/home/user/ros2_ws/src/tortoisebot/ydlidar-ros2'
[3.575s] INFO:colcon.colcon_core.shell:Skip shell extension 'powershell' for command environment: Not usable outside of PowerShell
[3.575s] DEBUG:colcon.colcon_core.shell:Skip shell extension 'dsv' for command environment
[3.589s] DEBUG:colcon.colcon_core.event_handler.log_command:Invoking command in '/home/user/ros2_ws/build/tortoisebot_bringup': CMAKE_PREFIX_PATH=${CMAKE_PREFIX_PATH}:/opt/ros/galactic _=/usr/bin/env /usr/bin/cmake --build /home/user/ros2_ws/build/tortoisebot_bringup -- -j8 -l8
[3.760s] DEBUG:colcon.colcon_core.event_handler.log_command:Invoking command in '/home/user/ros2_ws/build/tortoisebot_description': CMAKE_PREFIX_PATH=${CMAKE_PREFIX_PATH}:/opt/ros/galactic _=/usr/bin/env /usr/bin/cmake --build /home/user/ros2_ws/build/tortoisebot_description -- -j8 -l8
[3.764s] DEBUG:colcon.colcon_core.event_handler.log_command:Invoking command in '/home/user/ros2_ws/build/tortoisebot_firmware': CMAKE_PREFIX_PATH=${CMAKE_PREFIX_PATH}:/opt/ros/galactic _=/usr/bin/env /usr/bin/cmake --build /home/user/ros2_ws/build/tortoisebot_firmware -- -j8 -l8
[3.768s] DEBUG:colcon.colcon_core.event_handler.log_command:Invoking command in '/home/user/ros2_ws/build/tortoisebot_gazebo': CMAKE_PREFIX_PATH=${CMAKE_PREFIX_PATH}:/opt/ros/galactic _=/usr/bin/env /usr/bin/cmake --build /home/user/ros2_ws/build/tortoisebot_gazebo -- -j8 -l8
[3.773s] DEBUG:colcon.colcon_core.event_handler.log_command:Invoking command in '/home/user/ros2_ws/build/tortoisebot_navigation': CMAKE_PREFIX_PATH=${CMAKE_PREFIX_PATH}:/opt/ros/galactic _=/usr/bin/env /usr/bin/cmake --build /home/user/ros2_ws/build/tortoisebot_navigation -- -j8 -l8
[3.776s] DEBUG:colcon.colcon_core.event_handler.log_command:Invoking command in '/home/user/ros2_ws/build/tortoisebot_slam': CMAKE_PREFIX_PATH=${CMAKE_PREFIX_PATH}:/opt/ros/galactic _=/usr/bin/env /usr/bin/cmake --build /home/user/ros2_ws/build/tortoisebot_slam -- -j8 -l8
[3.780s] DEBUG:colcon.colcon_core.event_handler.log_command:Invoking command in '/home/user/ros2_ws/build/tortoisebot_waypoints': CMAKE_PREFIX_PATH=${CMAKE_PREFIX_PATH}:/opt/ros/galactic _=/usr/bin/env /usr/bin/cmake /home/user/ros2_ws/src/tortoisebot_waypoints -DCMAKE_INSTALL_PREFIX=/home/user/ros2_ws/install/tortoisebot_waypoints
[3.785s] DEBUG:colcon.colcon_core.event_handler.log_command:Invoking command in '/home/user/ros2_ws/build/ydlidar': CMAKE_PREFIX_PATH=${CMAKE_PREFIX_PATH}:/opt/ros/galactic _=/usr/bin/env /usr/bin/cmake --build /home/user/ros2_ws/build/ydlidar -- -j8 -l8
[5.541s] DEBUG:colcon.colcon_core.event_handler.log_command:Invoked command in '/home/user/ros2_ws/build/tortoisebot_navigation' returned '0': CMAKE_PREFIX_PATH=${CMAKE_PREFIX_PATH}:/opt/ros/galactic _=/usr/bin/env /usr/bin/cmake --build /home/user/ros2_ws/build/tortoisebot_navigation -- -j8 -l8
[5.549s] DEBUG:colcon.colcon_core.event_handler.log_command:Invoked command in '/home/user/ros2_ws/build/tortoisebot_bringup' returned '0': CMAKE_PREFIX_PATH=${CMAKE_PREFIX_PATH}:/opt/ros/galactic _=/usr/bin/env /usr/bin/cmake --build /home/user/ros2_ws/build/tortoisebot_bringup -- -j8 -l8
[5.553s] DEBUG:colcon.colcon_core.event_handler.log_command:Invoked command in '/home/user/ros2_ws/build/tortoisebot_slam' returned '0': CMAKE_PREFIX_PATH=${CMAKE_PREFIX_PATH}:/opt/ros/galactic _=/usr/bin/env /usr/bin/cmake --build /home/user/ros2_ws/build/tortoisebot_slam -- -j8 -l8
[5.558s] DEBUG:colcon.colcon_core.event_handler.log_command:Invoked command in '/home/user/ros2_ws/build/tortoisebot_description' returned '0': CMAKE_PREFIX_PATH=${CMAKE_PREFIX_PATH}:/opt/ros/galactic _=/usr/bin/env /usr/bin/cmake --build /home/user/ros2_ws/build/tortoisebot_description -- -j8 -l8
[5.563s] DEBUG:colcon.colcon_core.event_handler.log_command:Invoked command in '/home/user/ros2_ws/build/tortoisebot_gazebo' returned '0': CMAKE_PREFIX_PATH=${CMAKE_PREFIX_PATH}:/opt/ros/galactic _=/usr/bin/env /usr/bin/cmake --build /home/user/ros2_ws/build/tortoisebot_gazebo -- -j8 -l8
[5.608s] DEBUG:colcon.colcon_core.event_handler.log_command:Invoking command in '/home/user/ros2_ws/build/tortoisebot_bringup': CMAKE_PREFIX_PATH=${CMAKE_PREFIX_PATH}:/opt/ros/galactic _=/usr/bin/env /usr/bin/cmake --install /home/user/ros2_ws/build/tortoisebot_bringup
[5.614s] DEBUG:colcon.colcon_core.event_handler.log_command:Invoking command in '/home/user/ros2_ws/build/tortoisebot_navigation': CMAKE_PREFIX_PATH=${CMAKE_PREFIX_PATH}:/opt/ros/galactic _=/usr/bin/env /usr/bin/cmake --install /home/user/ros2_ws/build/tortoisebot_navigation
[5.618s] DEBUG:colcon.colcon_core.event_handler.log_command:Invoked command in '/home/user/ros2_ws/build/ydlidar' returned '0': CMAKE_PREFIX_PATH=${CMAKE_PREFIX_PATH}:/opt/ros/galactic _=/usr/bin/env /usr/bin/cmake --build /home/user/ros2_ws/build/ydlidar -- -j8 -l8
[5.634s] Level 1:colcon.colcon_core.environment:create_environment_scripts_only(tortoisebot_bringup)
[5.640s] DEBUG:colcon.colcon_core.event_handler.log_command:Invoking command in '/home/user/ros2_ws/build/tortoisebot_gazebo': CMAKE_PREFIX_PATH=${CMAKE_PREFIX_PATH}:/opt/ros/galactic _=/usr/bin/env /usr/bin/cmake --install /home/user/ros2_ws/build/tortoisebot_gazebo
[5.643s] DEBUG:colcon.colcon_core.event_handler.log_command:Invoking command in '/home/user/ros2_ws/build/tortoisebot_slam': CMAKE_PREFIX_PATH=${CMAKE_PREFIX_PATH}:/opt/ros/galactic _=/usr/bin/env /usr/bin/cmake --install /home/user/ros2_ws/build/tortoisebot_slam
[5.646s] DEBUG:colcon.colcon_core.event_handler.log_command:Invoking command in '/home/user/ros2_ws/build/tortoisebot_description': CMAKE_PREFIX_PATH=${CMAKE_PREFIX_PATH}:/opt/ros/galactic _=/usr/bin/env /usr/bin/cmake --install /home/user/ros2_ws/build/tortoisebot_description
[5.650s] DEBUG:colcon.colcon_core.event_handler.log_command:Invoked command in '/home/user/ros2_ws/build/tortoisebot_bringup' returned '0': CMAKE_PREFIX_PATH=${CMAKE_PREFIX_PATH}:/opt/ros/galactic _=/usr/bin/env /usr/bin/cmake --install /home/user/ros2_ws/build/tortoisebot_bringup
[5.657s] Level 1:colcon.colcon_core.environment:checking '/home/user/ros2_ws/install/tortoisebot_bringup' for CMake module files
[5.657s] Level 1:colcon.colcon_core.environment:checking '/home/user/ros2_ws/install/tortoisebot_bringup' for CMake config files
[5.658s] Level 1:colcon.colcon_core.shell:create_environment_hook('tortoisebot_bringup', 'cmake_prefix_path')
[5.660s] INFO:colcon.colcon_core.shell:Creating environment hook '/home/user/ros2_ws/install/tortoisebot_bringup/share/tortoisebot_bringup/hook/cmake_prefix_path.ps1'
[5.662s] INFO:colcon.colcon_core.shell:Creating environment descriptor '/home/user/ros2_ws/install/tortoisebot_bringup/share/tortoisebot_bringup/hook/cmake_prefix_path.dsv'
[5.663s] INFO:colcon.colcon_core.shell:Creating environment hook '/home/user/ros2_ws/install/tortoisebot_bringup/share/tortoisebot_bringup/hook/cmake_prefix_path.sh'
[5.665s] Level 1:colcon.colcon_core.environment:checking '/home/user/ros2_ws/install/tortoisebot_bringup/bin'
[5.665s] Level 1:colcon.colcon_core.environment:checking '/home/user/ros2_ws/install/tortoisebot_bringup/lib/pkgconfig/tortoisebot_bringup.pc'
[5.665s] Level 1:colcon.colcon_core.environment:checking '/home/user/ros2_ws/install/tortoisebot_bringup/lib/python3.8/site-packages'
[5.666s] Level 1:colcon.colcon_core.environment:checking '/home/user/ros2_ws/install/tortoisebot_bringup/bin'
[5.668s] INFO:colcon.colcon_core.shell:Creating package script '/home/user/ros2_ws/install/tortoisebot_bringup/share/tortoisebot_bringup/package.ps1'
[5.670s] INFO:colcon.colcon_core.shell:Creating package descriptor '/home/user/ros2_ws/install/tortoisebot_bringup/share/tortoisebot_bringup/package.dsv'
[5.671s] INFO:colcon.colcon_core.shell:Creating package script '/home/user/ros2_ws/install/tortoisebot_bringup/share/tortoisebot_bringup/package.sh'
[5.673s] INFO:colcon.colcon_core.shell:Creating package script '/home/user/ros2_ws/install/tortoisebot_bringup/share/tortoisebot_bringup/package.bash'
[5.674s] INFO:colcon.colcon_core.shell:Creating package script '/home/user/ros2_ws/install/tortoisebot_bringup/share/tortoisebot_bringup/package.zsh'
[5.676s] Level 1:colcon.colcon_core.environment:create_file_with_runtime_dependencies(/home/user/ros2_ws/install/tortoisebot_bringup/share/colcon-core/packages/tortoisebot_bringup)
[5.681s] Level 1:colcon.colcon_core.environment:create_environment_scripts_only(tortoisebot_navigation)
[5.685s] Level 1:colcon.colcon_core.environment:checking '/home/user/ros2_ws/install/tortoisebot_navigation' for CMake module files
[5.686s] DEBUG:colcon.colcon_core.event_handler.log_command:Invoked command in '/home/user/ros2_ws/build/tortoisebot_navigation' returned '0': CMAKE_PREFIX_PATH=${CMAKE_PREFIX_PATH}:/opt/ros/galactic _=/usr/bin/env /usr/bin/cmake --install /home/user/ros2_ws/build/tortoisebot_navigation
[5.686s] Level 1:colcon.colcon_core.environment:checking '/home/user/ros2_ws/install/tortoisebot_navigation' for CMake config files
[5.687s] Level 1:colcon.colcon_core.shell:create_environment_hook('tortoisebot_navigation', 'cmake_prefix_path')
[5.689s] INFO:colcon.colcon_core.shell:Creating environment hook '/home/user/ros2_ws/install/tortoisebot_navigation/share/tortoisebot_navigation/hook/cmake_prefix_path.ps1'
[5.690s] INFO:colcon.colcon_core.shell:Creating environment descriptor '/home/user/ros2_ws/install/tortoisebot_navigation/share/tortoisebot_navigation/hook/cmake_prefix_path.dsv'
[5.690s] INFO:colcon.colcon_core.shell:Creating environment hook '/home/user/ros2_ws/install/tortoisebot_navigation/share/tortoisebot_navigation/hook/cmake_prefix_path.sh'
[5.691s] Level 1:colcon.colcon_core.environment:checking '/home/user/ros2_ws/install/tortoisebot_navigation/bin'
[5.691s] Level 1:colcon.colcon_core.environment:checking '/home/user/ros2_ws/install/tortoisebot_navigation/lib/pkgconfig/tortoisebot_navigation.pc'
[5.692s] Level 1:colcon.colcon_core.environment:checking '/home/user/ros2_ws/install/tortoisebot_navigation/lib/python3.8/site-packages'
[5.692s] Level 1:colcon.colcon_core.environment:checking '/home/user/ros2_ws/install/tortoisebot_navigation/bin'
[5.694s] INFO:colcon.colcon_core.shell:Creating package script '/home/user/ros2_ws/install/tortoisebot_navigation/share/tortoisebot_navigation/package.ps1'
[5.695s] INFO:colcon.colcon_core.shell:Creating package descriptor '/home/user/ros2_ws/install/tortoisebot_navigation/share/tortoisebot_navigation/package.dsv'
[5.696s] INFO:colcon.colcon_core.shell:Creating package script '/home/user/ros2_ws/install/tortoisebot_navigation/share/tortoisebot_navigation/package.sh'
[5.696s] INFO:colcon.colcon_core.shell:Creating package script '/home/user/ros2_ws/install/tortoisebot_navigation/share/tortoisebot_navigation/package.bash'
[5.697s] INFO:colcon.colcon_core.shell:Creating package script '/home/user/ros2_ws/install/tortoisebot_navigation/share/tortoisebot_navigation/package.zsh'
[5.697s] Level 1:colcon.colcon_core.environment:create_file_with_runtime_dependencies(/home/user/ros2_ws/install/tortoisebot_navigation/share/colcon-core/packages/tortoisebot_navigation)
[5.703s] Level 1:colcon.colcon_core.environment:create_environment_scripts_only(tortoisebot_gazebo)
[5.706s] Level 1:colcon.colcon_core.environment:checking '/home/user/ros2_ws/install/tortoisebot_gazebo' for CMake module files
[5.708s] DEBUG:colcon.colcon_core.event_handler.log_command:Invoked command in '/home/user/ros2_ws/build/tortoisebot_gazebo' returned '0': CMAKE_PREFIX_PATH=${CMAKE_PREFIX_PATH}:/opt/ros/galactic _=/usr/bin/env /usr/bin/cmake --install /home/user/ros2_ws/build/tortoisebot_gazebo
[5.708s] Level 1:colcon.colcon_core.environment:checking '/home/user/ros2_ws/install/tortoisebot_gazebo' for CMake config files
[5.709s] Level 1:colcon.colcon_core.shell:create_environment_hook('tortoisebot_gazebo', 'cmake_prefix_path')
[5.711s] INFO:colcon.colcon_core.shell:Creating environment hook '/home/user/ros2_ws/install/tortoisebot_gazebo/share/tortoisebot_gazebo/hook/cmake_prefix_path.ps1'
[5.711s] INFO:colcon.colcon_core.shell:Creating environment descriptor '/home/user/ros2_ws/install/tortoisebot_gazebo/share/tortoisebot_gazebo/hook/cmake_prefix_path.dsv'
[5.712s] INFO:colcon.colcon_core.shell:Creating environment hook '/home/user/ros2_ws/install/tortoisebot_gazebo/share/tortoisebot_gazebo/hook/cmake_prefix_path.sh'
[5.712s] Level 1:colcon.colcon_core.environment:checking '/home/user/ros2_ws/install/tortoisebot_gazebo/bin'
[5.713s] Level 1:colcon.colcon_core.environment:checking '/home/user/ros2_ws/install/tortoisebot_gazebo/lib/pkgconfig/tortoisebot_gazebo.pc'
[5.713s] Level 1:colcon.colcon_core.environment:checking '/home/user/ros2_ws/install/tortoisebot_gazebo/lib/python3.8/site-packages'
[5.713s] Level 1:colcon.colcon_core.environment:checking '/home/user/ros2_ws/install/tortoisebot_gazebo/bin'
[5.715s] INFO:colcon.colcon_core.shell:Creating package script '/home/user/ros2_ws/install/tortoisebot_gazebo/share/tortoisebot_gazebo/package.ps1'
[5.715s] INFO:colcon.colcon_core.shell:Creating package descriptor '/home/user/ros2_ws/install/tortoisebot_gazebo/share/tortoisebot_gazebo/package.dsv'
[5.716s] INFO:colcon.colcon_core.shell:Creating package script '/home/user/ros2_ws/install/tortoisebot_gazebo/share/tortoisebot_gazebo/package.sh'
[5.716s] INFO:colcon.colcon_core.shell:Creating package script '/home/user/ros2_ws/install/tortoisebot_gazebo/share/tortoisebot_gazebo/package.bash'
[5.716s] INFO:colcon.colcon_core.shell:Creating package script '/home/user/ros2_ws/install/tortoisebot_gazebo/share/tortoisebot_gazebo/package.zsh'
[5.717s] Level 1:colcon.colcon_core.environment:create_file_with_runtime_dependencies(/home/user/ros2_ws/install/tortoisebot_gazebo/share/colcon-core/packages/tortoisebot_gazebo)
[5.725s] DEBUG:colcon.colcon_core.event_handler.log_command:Invoking command in '/home/user/ros2_ws/build/ydlidar': CMAKE_PREFIX_PATH=${CMAKE_PREFIX_PATH}:/opt/ros/galactic _=/usr/bin/env /usr/bin/cmake --install /home/user/ros2_ws/build/ydlidar
[5.763s] Level 1:colcon.colcon_core.environment:create_environment_scripts_only(tortoisebot_slam)
[5.767s] Level 1:colcon.colcon_core.environment:checking '/home/user/ros2_ws/install/tortoisebot_slam' for CMake module files
[5.768s] DEBUG:colcon.colcon_core.event_handler.log_command:Invoked command in '/home/user/ros2_ws/build/tortoisebot_slam' returned '0': CMAKE_PREFIX_PATH=${CMAKE_PREFIX_PATH}:/opt/ros/galactic _=/usr/bin/env /usr/bin/cmake --install /home/user/ros2_ws/build/tortoisebot_slam
[5.769s] Level 1:colcon.colcon_core.environment:checking '/home/user/ros2_ws/install/tortoisebot_slam' for CMake config files
[5.769s] Level 1:colcon.colcon_core.shell:create_environment_hook('tortoisebot_slam', 'cmake_prefix_path')
[5.771s] INFO:colcon.colcon_core.shell:Creating environment hook '/home/user/ros2_ws/install/tortoisebot_slam/share/tortoisebot_slam/hook/cmake_prefix_path.ps1'
[5.772s] INFO:colcon.colcon_core.shell:Creating environment descriptor '/home/user/ros2_ws/install/tortoisebot_slam/share/tortoisebot_slam/hook/cmake_prefix_path.dsv'
[5.772s] INFO:colcon.colcon_core.shell:Creating environment hook '/home/user/ros2_ws/install/tortoisebot_slam/share/tortoisebot_slam/hook/cmake_prefix_path.sh'
[5.773s] Level 1:colcon.colcon_core.environment:checking '/home/user/ros2_ws/install/tortoisebot_slam/bin'
[5.773s] Level 1:colcon.colcon_core.environment:checking '/home/user/ros2_ws/install/tortoisebot_slam/lib/pkgconfig/tortoisebot_slam.pc'
[5.774s] Level 1:colcon.colcon_core.environment:checking '/home/user/ros2_ws/install/tortoisebot_slam/lib/python3.8/site-packages'
[5.774s] Level 1:colcon.colcon_core.environment:checking '/home/user/ros2_ws/install/tortoisebot_slam/bin'
[5.777s] INFO:colcon.colcon_core.shell:Creating package script '/home/user/ros2_ws/install/tortoisebot_slam/share/tortoisebot_slam/package.ps1'
[5.777s] INFO:colcon.colcon_core.shell:Creating package descriptor '/home/user/ros2_ws/install/tortoisebot_slam/share/tortoisebot_slam/package.dsv'
[5.778s] INFO:colcon.colcon_core.shell:Creating package script '/home/user/ros2_ws/install/tortoisebot_slam/share/tortoisebot_slam/package.sh'
[5.778s] INFO:colcon.colcon_core.shell:Creating package script '/home/user/ros2_ws/install/tortoisebot_slam/share/tortoisebot_slam/package.bash'
[5.779s] INFO:colcon.colcon_core.shell:Creating package script '/home/user/ros2_ws/install/tortoisebot_slam/share/tortoisebot_slam/package.zsh'
[5.779s] Level 1:colcon.colcon_core.environment:create_file_with_runtime_dependencies(/home/user/ros2_ws/install/tortoisebot_slam/share/colcon-core/packages/tortoisebot_slam)
[5.783s] Level 1:colcon.colcon_core.environment:create_environment_scripts_only(tortoisebot_description)
[5.787s] Level 1:colcon.colcon_core.environment:checking '/home/user/ros2_ws/install/tortoisebot_description' for CMake module files
[5.788s] DEBUG:colcon.colcon_core.event_handler.log_command:Invoked command in '/home/user/ros2_ws/build/tortoisebot_description' returned '0': CMAKE_PREFIX_PATH=${CMAKE_PREFIX_PATH}:/opt/ros/galactic _=/usr/bin/env /usr/bin/cmake --install /home/user/ros2_ws/build/tortoisebot_description
[5.789s] Level 1:colcon.colcon_core.environment:checking '/home/user/ros2_ws/install/tortoisebot_description' for CMake config files
[5.790s] Level 1:colcon.colcon_core.shell:create_environment_hook('tortoisebot_description', 'cmake_prefix_path')
[5.792s] INFO:colcon.colcon_core.shell:Creating environment hook '/home/user/ros2_ws/install/tortoisebot_description/share/tortoisebot_description/hook/cmake_prefix_path.ps1'
[5.792s] INFO:colcon.colcon_core.shell:Creating environment descriptor '/home/user/ros2_ws/install/tortoisebot_description/share/tortoisebot_description/hook/cmake_prefix_path.dsv'
[5.793s] INFO:colcon.colcon_core.shell:Creating environment hook '/home/user/ros2_ws/install/tortoisebot_description/share/tortoisebot_description/hook/cmake_prefix_path.sh'
[5.794s] Level 1:colcon.colcon_core.environment:checking '/home/user/ros2_ws/install/tortoisebot_description/bin'
[5.794s] Level 1:colcon.colcon_core.environment:checking '/home/user/ros2_ws/install/tortoisebot_description/lib/pkgconfig/tortoisebot_description.pc'
[5.795s] Level 1:colcon.colcon_core.environment:checking '/home/user/ros2_ws/install/tortoisebot_description/lib/python3.8/site-packages'
[5.795s] Level 1:colcon.colcon_core.environment:checking '/home/user/ros2_ws/install/tortoisebot_description/bin'
[5.796s] INFO:colcon.colcon_core.shell:Creating package script '/home/user/ros2_ws/install/tortoisebot_description/share/tortoisebot_description/package.ps1'
[5.797s] INFO:colcon.colcon_core.shell:Creating package descriptor '/home/user/ros2_ws/install/tortoisebot_description/share/tortoisebot_description/package.dsv'
[5.798s] INFO:colcon.colcon_core.shell:Creating package script '/home/user/ros2_ws/install/tortoisebot_description/share/tortoisebot_description/package.sh'
[5.798s] INFO:colcon.colcon_core.shell:Creating package script '/home/user/ros2_ws/install/tortoisebot_description/share/tortoisebot_description/package.bash'
[5.799s] INFO:colcon.colcon_core.shell:Creating package script '/home/user/ros2_ws/install/tortoisebot_description/share/tortoisebot_description/package.zsh'
[5.799s] Level 1:colcon.colcon_core.environment:create_file_with_runtime_dependencies(/home/user/ros2_ws/install/tortoisebot_description/share/colcon-core/packages/tortoisebot_description)
[5.808s] Level 1:colcon.colcon_core.environment:create_environment_scripts_only(tortoisebot_bringup)
[5.810s] Level 1:colcon.colcon_core.environment:checking '/home/user/ros2_ws/install/tortoisebot_bringup' for CMake module files
[5.813s] Level 1:colcon.colcon_core.environment:checking '/home/user/ros2_ws/install/tortoisebot_bringup' for CMake config files
[5.817s] Level 1:colcon.colcon_core.shell:create_environment_hook('tortoisebot_bringup', 'cmake_prefix_path')
[5.819s] INFO:colcon.colcon_core.shell:Creating environment hook '/home/user/ros2_ws/install/tortoisebot_bringup/share/tortoisebot_bringup/hook/cmake_prefix_path.ps1'
[5.820s] INFO:colcon.colcon_core.shell:Creating environment descriptor '/home/user/ros2_ws/install/tortoisebot_bringup/share/tortoisebot_bringup/hook/cmake_prefix_path.dsv'
[5.820s] INFO:colcon.colcon_core.shell:Creating environment hook '/home/user/ros2_ws/install/tortoisebot_bringup/share/tortoisebot_bringup/hook/cmake_prefix_path.sh'
[5.821s] Level 1:colcon.colcon_core.environment:checking '/home/user/ros2_ws/install/tortoisebot_bringup/bin'
[5.821s] Level 1:colcon.colcon_core.environment:checking '/home/user/ros2_ws/install/tortoisebot_bringup/lib/pkgconfig/tortoisebot_bringup.pc'
[5.822s] Level 1:colcon.colcon_core.environment:checking '/home/user/ros2_ws/install/tortoisebot_bringup/lib/python3.8/site-packages'
[5.822s] Level 1:colcon.colcon_core.environment:checking '/home/user/ros2_ws/install/tortoisebot_bringup/bin'
[5.824s] INFO:colcon.colcon_core.shell:Creating package script '/home/user/ros2_ws/install/tortoisebot_bringup/share/tortoisebot_bringup/package.ps1'
[5.824s] INFO:colcon.colcon_core.shell:Creating package descriptor '/home/user/ros2_ws/install/tortoisebot_bringup/share/tortoisebot_bringup/package.dsv'
[5.825s] INFO:colcon.colcon_core.shell:Creating package script '/home/user/ros2_ws/install/tortoisebot_bringup/share/tortoisebot_bringup/package.sh'
[5.825s] INFO:colcon.colcon_core.shell:Creating package script '/home/user/ros2_ws/install/tortoisebot_bringup/share/tortoisebot_bringup/package.bash'
[5.826s] INFO:colcon.colcon_core.shell:Creating package script '/home/user/ros2_ws/install/tortoisebot_bringup/share/tortoisebot_bringup/package.zsh'
[5.827s] Level 1:colcon.colcon_core.environment:create_file_with_runtime_dependencies(/home/user/ros2_ws/install/tortoisebot_bringup/share/colcon-core/packages/tortoisebot_bringup)
[5.828s] Level 1:colcon.colcon_core.environment:create_environment_scripts_only(ydlidar)
[5.831s] Level 1:colcon.colcon_core.environment:checking '/home/user/ros2_ws/install/ydlidar' for CMake module files
[5.832s] DEBUG:colcon.colcon_core.event_handler.log_command:Invoked command in '/home/user/ros2_ws/build/ydlidar' returned '0': CMAKE_PREFIX_PATH=${CMAKE_PREFIX_PATH}:/opt/ros/galactic _=/usr/bin/env /usr/bin/cmake --install /home/user/ros2_ws/build/ydlidar
[5.833s] Level 1:colcon.colcon_core.environment:checking '/home/user/ros2_ws/install/ydlidar' for CMake config files
[5.834s] Level 1:colcon.colcon_core.shell:create_environment_hook('ydlidar', 'cmake_prefix_path')
[5.835s] INFO:colcon.colcon_core.shell:Creating environment hook '/home/user/ros2_ws/install/ydlidar/share/ydlidar/hook/cmake_prefix_path.ps1'
[5.836s] INFO:colcon.colcon_core.shell:Creating environment descriptor '/home/user/ros2_ws/install/ydlidar/share/ydlidar/hook/cmake_prefix_path.dsv'
[5.836s] INFO:colcon.colcon_core.shell:Creating environment hook '/home/user/ros2_ws/install/ydlidar/share/ydlidar/hook/cmake_prefix_path.sh'
[5.837s] Level 1:colcon.colcon_core.environment:checking '/home/user/ros2_ws/install/ydlidar/lib'
[5.837s] Level 1:colcon.colcon_core.environment:checking '/home/user/ros2_ws/install/ydlidar/bin'
[5.837s] Level 1:colcon.colcon_core.environment:checking '/home/user/ros2_ws/install/ydlidar/lib/pkgconfig/ydlidar.pc'
[5.838s] Level 1:colcon.colcon_core.environment:checking '/home/user/ros2_ws/install/ydlidar/lib/python3.8/site-packages'
[5.838s] Level 1:colcon.colcon_core.environment:checking '/home/user/ros2_ws/install/ydlidar/bin'
[5.840s] INFO:colcon.colcon_core.shell:Creating package script '/home/user/ros2_ws/install/ydlidar/share/ydlidar/package.ps1'
[5.840s] INFO:colcon.colcon_core.shell:Creating package descriptor '/home/user/ros2_ws/install/ydlidar/share/ydlidar/package.dsv'
[5.841s] INFO:colcon.colcon_core.shell:Creating package script '/home/user/ros2_ws/install/ydlidar/share/ydlidar/package.sh'
[5.841s] INFO:colcon.colcon_core.shell:Creating package script '/home/user/ros2_ws/install/ydlidar/share/ydlidar/package.bash'
[5.842s] INFO:colcon.colcon_core.shell:Creating package script '/home/user/ros2_ws/install/ydlidar/share/ydlidar/package.zsh'
[5.844s] Level 1:colcon.colcon_core.environment:create_file_with_runtime_dependencies(/home/user/ros2_ws/install/ydlidar/share/colcon-core/packages/ydlidar)
[5.852s] Level 1:colcon.colcon_core.environment:create_environment_scripts_only(tortoisebot_navigation)
[5.854s] Level 1:colcon.colcon_core.environment:checking '/home/user/ros2_ws/install/tortoisebot_navigation' for CMake module files
[5.855s] Level 1:colcon.colcon_core.environment:checking '/home/user/ros2_ws/install/tortoisebot_navigation' for CMake config files
[5.855s] Level 1:colcon.colcon_core.shell:create_environment_hook('tortoisebot_navigation', 'cmake_prefix_path')
[5.857s] INFO:colcon.colcon_core.shell:Creating environment hook '/home/user/ros2_ws/install/tortoisebot_navigation/share/tortoisebot_navigation/hook/cmake_prefix_path.ps1'
[5.857s] INFO:colcon.colcon_core.shell:Creating environment descriptor '/home/user/ros2_ws/install/tortoisebot_navigation/share/tortoisebot_navigation/hook/cmake_prefix_path.dsv'
[5.858s] INFO:colcon.colcon_core.shell:Creating environment hook '/home/user/ros2_ws/install/tortoisebot_navigation/share/tortoisebot_navigation/hook/cmake_prefix_path.sh'
[5.859s] Level 1:colcon.colcon_core.environment:checking '/home/user/ros2_ws/install/tortoisebot_navigation/bin'
[5.859s] Level 1:colcon.colcon_core.environment:checking '/home/user/ros2_ws/install/tortoisebot_navigation/lib/pkgconfig/tortoisebot_navigation.pc'
[5.859s] Level 1:colcon.colcon_core.environment:checking '/home/user/ros2_ws/install/tortoisebot_navigation/lib/python3.8/site-packages'
[5.859s] Level 1:colcon.colcon_core.environment:checking '/home/user/ros2_ws/install/tortoisebot_navigation/bin'
[5.861s] INFO:colcon.colcon_core.shell:Creating package script '/home/user/ros2_ws/install/tortoisebot_navigation/share/tortoisebot_navigation/package.ps1'
[5.862s] INFO:colcon.colcon_core.shell:Creating package descriptor '/home/user/ros2_ws/install/tortoisebot_navigation/share/tortoisebot_navigation/package.dsv'
[5.863s] INFO:colcon.colcon_core.shell:Creating package script '/home/user/ros2_ws/install/tortoisebot_navigation/share/tortoisebot_navigation/package.sh'
[5.863s] INFO:colcon.colcon_core.shell:Creating package script '/home/user/ros2_ws/install/tortoisebot_navigation/share/tortoisebot_navigation/package.bash'
[5.864s] INFO:colcon.colcon_core.shell:Creating package script '/home/user/ros2_ws/install/tortoisebot_navigation/share/tortoisebot_navigation/package.zsh'
[5.865s] Level 1:colcon.colcon_core.environment:create_file_with_runtime_dependencies(/home/user/ros2_ws/install/tortoisebot_navigation/share/colcon-core/packages/tortoisebot_navigation)
[5.867s] Level 1:colcon.colcon_core.environment:create_environment_scripts_only(tortoisebot_gazebo)
[5.870s] Level 1:colcon.colcon_core.environment:checking '/home/user/ros2_ws/install/tortoisebot_gazebo' for CMake module files
[5.872s] Level 1:colcon.colcon_core.environment:checking '/home/user/ros2_ws/install/tortoisebot_gazebo' for CMake config files
[5.872s] Level 1:colcon.colcon_core.shell:create_environment_hook('tortoisebot_gazebo', 'cmake_prefix_path')
[5.874s] INFO:colcon.colcon_core.shell:Creating environment hook '/home/user/ros2_ws/install/tortoisebot_gazebo/share/tortoisebot_gazebo/hook/cmake_prefix_path.ps1'
[5.875s] INFO:colcon.colcon_core.shell:Creating environment descriptor '/home/user/ros2_ws/install/tortoisebot_gazebo/share/tortoisebot_gazebo/hook/cmake_prefix_path.dsv'
[5.875s] INFO:colcon.colcon_core.shell:Creating environment hook '/home/user/ros2_ws/install/tortoisebot_gazebo/share/tortoisebot_gazebo/hook/cmake_prefix_path.sh'
[5.876s] Level 1:colcon.colcon_core.environment:checking '/home/user/ros2_ws/install/tortoisebot_gazebo/bin'
[5.876s] Level 1:colcon.colcon_core.environment:checking '/home/user/ros2_ws/install/tortoisebot_gazebo/lib/pkgconfig/tortoisebot_gazebo.pc'
[5.876s] Level 1:colcon.colcon_core.environment:checking '/home/user/ros2_ws/install/tortoisebot_gazebo/lib/python3.8/site-packages'
[5.877s] Level 1:colcon.colcon_core.environment:checking '/home/user/ros2_ws/install/tortoisebot_gazebo/bin'
[5.879s] INFO:colcon.colcon_core.shell:Creating package script '/home/user/ros2_ws/install/tortoisebot_gazebo/share/tortoisebot_gazebo/package.ps1'
[5.879s] INFO:colcon.colcon_core.shell:Creating package descriptor '/home/user/ros2_ws/install/tortoisebot_gazebo/share/tortoisebot_gazebo/package.dsv'
[5.880s] INFO:colcon.colcon_core.shell:Creating package script '/home/user/ros2_ws/install/tortoisebot_gazebo/share/tortoisebot_gazebo/package.sh'
[5.881s] INFO:colcon.colcon_core.shell:Creating package script '/home/user/ros2_ws/install/tortoisebot_gazebo/share/tortoisebot_gazebo/package.bash'
[5.881s] INFO:colcon.colcon_core.shell:Creating package script '/home/user/ros2_ws/install/tortoisebot_gazebo/share/tortoisebot_gazebo/package.zsh'
[5.882s] Level 1:colcon.colcon_core.environment:create_file_with_runtime_dependencies(/home/user/ros2_ws/install/tortoisebot_gazebo/share/colcon-core/packages/tortoisebot_gazebo)
[5.885s] Level 1:colcon.colcon_core.environment:create_environment_scripts_only(tortoisebot_slam)
[5.888s] Level 1:colcon.colcon_core.environment:checking '/home/user/ros2_ws/install/tortoisebot_slam' for CMake module files
[5.889s] Level 1:colcon.colcon_core.environment:checking '/home/user/ros2_ws/install/tortoisebot_slam' for CMake config files
[5.890s] Level 1:colcon.colcon_core.shell:create_environment_hook('tortoisebot_slam', 'cmake_prefix_path')
[5.892s] INFO:colcon.colcon_core.shell:Creating environment hook '/home/user/ros2_ws/install/tortoisebot_slam/share/tortoisebot_slam/hook/cmake_prefix_path.ps1'
[5.892s] INFO:colcon.colcon_core.shell:Creating environment descriptor '/home/user/ros2_ws/install/tortoisebot_slam/share/tortoisebot_slam/hook/cmake_prefix_path.dsv'
[5.893s] INFO:colcon.colcon_core.shell:Creating environment hook '/home/user/ros2_ws/install/tortoisebot_slam/share/tortoisebot_slam/hook/cmake_prefix_path.sh'
[5.894s] Level 1:colcon.colcon_core.environment:checking '/home/user/ros2_ws/install/tortoisebot_slam/bin'
[5.894s] Level 1:colcon.colcon_core.environment:checking '/home/user/ros2_ws/install/tortoisebot_slam/lib/pkgconfig/tortoisebot_slam.pc'
[5.894s] Level 1:colcon.colcon_core.environment:checking '/home/user/ros2_ws/install/tortoisebot_slam/lib/python3.8/site-packages'
[5.894s] Level 1:colcon.colcon_core.environment:checking '/home/user/ros2_ws/install/tortoisebot_slam/bin'
[5.896s] INFO:colcon.colcon_core.shell:Creating package script '/home/user/ros2_ws/install/tortoisebot_slam/share/tortoisebot_slam/package.ps1'
[5.897s] INFO:colcon.colcon_core.shell:Creating package descriptor '/home/user/ros2_ws/install/tortoisebot_slam/share/tortoisebot_slam/package.dsv'
[5.898s] INFO:colcon.colcon_core.shell:Creating package script '/home/user/ros2_ws/install/tortoisebot_slam/share/tortoisebot_slam/package.sh'
[5.899s] INFO:colcon.colcon_core.shell:Creating package script '/home/user/ros2_ws/install/tortoisebot_slam/share/tortoisebot_slam/package.bash'
[5.899s] INFO:colcon.colcon_core.shell:Creating package script '/home/user/ros2_ws/install/tortoisebot_slam/share/tortoisebot_slam/package.zsh'
[5.899s] Level 1:colcon.colcon_core.environment:create_file_with_runtime_dependencies(/home/user/ros2_ws/install/tortoisebot_slam/share/colcon-core/packages/tortoisebot_slam)
[5.901s] Level 1:colcon.colcon_core.environment:create_environment_scripts_only(tortoisebot_description)
[5.903s] Level 1:colcon.colcon_core.environment:checking '/home/user/ros2_ws/install/tortoisebot_description' for CMake module files
[5.904s] Level 1:colcon.colcon_core.environment:checking '/home/user/ros2_ws/install/tortoisebot_description' for CMake config files
[5.905s] Level 1:colcon.colcon_core.shell:create_environment_hook('tortoisebot_description', 'cmake_prefix_path')
[5.906s] INFO:colcon.colcon_core.shell:Creating environment hook '/home/user/ros2_ws/install/tortoisebot_description/share/tortoisebot_description/hook/cmake_prefix_path.ps1'
[5.906s] INFO:colcon.colcon_core.shell:Creating environment descriptor '/home/user/ros2_ws/install/tortoisebot_description/share/tortoisebot_description/hook/cmake_prefix_path.dsv'
[5.907s] INFO:colcon.colcon_core.shell:Creating environment hook '/home/user/ros2_ws/install/tortoisebot_description/share/tortoisebot_description/hook/cmake_prefix_path.sh'
[5.907s] Level 1:colcon.colcon_core.environment:checking '/home/user/ros2_ws/install/tortoisebot_description/bin'
[5.907s] Level 1:colcon.colcon_core.environment:checking '/home/user/ros2_ws/install/tortoisebot_description/lib/pkgconfig/tortoisebot_description.pc'
[5.907s] Level 1:colcon.colcon_core.environment:checking '/home/user/ros2_ws/install/tortoisebot_description/lib/python3.8/site-packages'
[5.908s] Level 1:colcon.colcon_core.environment:checking '/home/user/ros2_ws/install/tortoisebot_description/bin'
[5.910s] INFO:colcon.colcon_core.shell:Creating package script '/home/user/ros2_ws/install/tortoisebot_description/share/tortoisebot_description/package.ps1'
[5.910s] INFO:colcon.colcon_core.shell:Creating package descriptor '/home/user/ros2_ws/install/tortoisebot_description/share/tortoisebot_description/package.dsv'
[5.911s] INFO:colcon.colcon_core.shell:Creating package script '/home/user/ros2_ws/install/tortoisebot_description/share/tortoisebot_description/package.sh'
[5.911s] INFO:colcon.colcon_core.shell:Creating package script '/home/user/ros2_ws/install/tortoisebot_description/share/tortoisebot_description/package.bash'
[5.911s] INFO:colcon.colcon_core.shell:Creating package script '/home/user/ros2_ws/install/tortoisebot_description/share/tortoisebot_description/package.zsh'
[5.912s] Level 1:colcon.colcon_core.environment:create_file_with_runtime_dependencies(/home/user/ros2_ws/install/tortoisebot_description/share/colcon-core/packages/tortoisebot_description)
[5.944s] Level 1:colcon.colcon_core.environment:create_environment_scripts_only(ydlidar)
[5.945s] Level 1:colcon.colcon_core.environment:checking '/home/user/ros2_ws/install/ydlidar' for CMake module files
[5.946s] Level 1:colcon.colcon_core.environment:checking '/home/user/ros2_ws/install/ydlidar' for CMake config files
[5.946s] Level 1:colcon.colcon_core.shell:create_environment_hook('ydlidar', 'cmake_prefix_path')
[5.947s] INFO:colcon.colcon_core.shell:Creating environment hook '/home/user/ros2_ws/install/ydlidar/share/ydlidar/hook/cmake_prefix_path.ps1'
[5.948s] INFO:colcon.colcon_core.shell:Creating environment descriptor '/home/user/ros2_ws/install/ydlidar/share/ydlidar/hook/cmake_prefix_path.dsv'
[5.948s] INFO:colcon.colcon_core.shell:Creating environment hook '/home/user/ros2_ws/install/ydlidar/share/ydlidar/hook/cmake_prefix_path.sh'
[5.949s] Level 1:colcon.colcon_core.environment:checking '/home/user/ros2_ws/install/ydlidar/lib'
[5.949s] Level 1:colcon.colcon_core.environment:checking '/home/user/ros2_ws/install/ydlidar/bin'
[5.949s] Level 1:colcon.colcon_core.environment:checking '/home/user/ros2_ws/install/ydlidar/lib/pkgconfig/ydlidar.pc'
[5.949s] Level 1:colcon.colcon_core.environment:checking '/home/user/ros2_ws/install/ydlidar/lib/python3.8/site-packages'
[5.949s] Level 1:colcon.colcon_core.environment:checking '/home/user/ros2_ws/install/ydlidar/bin'
[5.950s] INFO:colcon.colcon_core.shell:Creating package script '/home/user/ros2_ws/install/ydlidar/share/ydlidar/package.ps1'
[5.951s] INFO:colcon.colcon_core.shell:Creating package descriptor '/home/user/ros2_ws/install/ydlidar/share/ydlidar/package.dsv'
[5.951s] INFO:colcon.colcon_core.shell:Creating package script '/home/user/ros2_ws/install/ydlidar/share/ydlidar/package.sh'
[5.952s] INFO:colcon.colcon_core.shell:Creating package script '/home/user/ros2_ws/install/ydlidar/share/ydlidar/package.bash'
[5.952s] INFO:colcon.colcon_core.shell:Creating package script '/home/user/ros2_ws/install/ydlidar/share/ydlidar/package.zsh'
[5.953s] Level 1:colcon.colcon_core.environment:create_file_with_runtime_dependencies(/home/user/ros2_ws/install/ydlidar/share/colcon-core/packages/ydlidar)
[6.486s] DEBUG:colcon.colcon_core.event_handler.log_command:Invoked command in '/home/user/ros2_ws/build/tortoisebot_firmware' returned '0': CMAKE_PREFIX_PATH=${CMAKE_PREFIX_PATH}:/opt/ros/galactic _=/usr/bin/env /usr/bin/cmake --build /home/user/ros2_ws/build/tortoisebot_firmware -- -j8 -l8
[6.519s] DEBUG:colcon.colcon_core.event_handler.log_command:Invoking command in '/home/user/ros2_ws/build/tortoisebot_firmware': CMAKE_PREFIX_PATH=${CMAKE_PREFIX_PATH}:/opt/ros/galactic _=/usr/bin/env /usr/bin/cmake --install /home/user/ros2_ws/build/tortoisebot_firmware
[6.569s] Level 1:colcon.colcon_core.environment:create_environment_scripts_only(tortoisebot_firmware)
[6.571s] Level 1:colcon.colcon_core.environment:checking '/home/user/ros2_ws/install/tortoisebot_firmware' for CMake module files
[6.572s] DEBUG:colcon.colcon_core.event_handler.log_command:Invoked command in '/home/user/ros2_ws/build/tortoisebot_firmware' returned '0': CMAKE_PREFIX_PATH=${CMAKE_PREFIX_PATH}:/opt/ros/galactic _=/usr/bin/env /usr/bin/cmake --install /home/user/ros2_ws/build/tortoisebot_firmware
[6.572s] Level 1:colcon.colcon_core.environment:checking '/home/user/ros2_ws/install/tortoisebot_firmware' for CMake config files
[6.573s] Level 1:colcon.colcon_core.shell:create_environment_hook('tortoisebot_firmware', 'cmake_prefix_path')
[6.574s] INFO:colcon.colcon_core.shell:Creating environment hook '/home/user/ros2_ws/install/tortoisebot_firmware/share/tortoisebot_firmware/hook/cmake_prefix_path.ps1'
[6.574s] INFO:colcon.colcon_core.shell:Creating environment descriptor '/home/user/ros2_ws/install/tortoisebot_firmware/share/tortoisebot_firmware/hook/cmake_prefix_path.dsv'
[6.575s] INFO:colcon.colcon_core.shell:Creating environment hook '/home/user/ros2_ws/install/tortoisebot_firmware/share/tortoisebot_firmware/hook/cmake_prefix_path.sh'
[6.575s] Level 1:colcon.colcon_core.environment:checking '/home/user/ros2_ws/install/tortoisebot_firmware/lib'
[6.576s] Level 1:colcon.colcon_core.environment:checking '/home/user/ros2_ws/install/tortoisebot_firmware/bin'
[6.576s] Level 1:colcon.colcon_core.environment:checking '/home/user/ros2_ws/install/tortoisebot_firmware/lib/pkgconfig/tortoisebot_firmware.pc'
[6.576s] Level 1:colcon.colcon_core.environment:checking '/home/user/ros2_ws/install/tortoisebot_firmware/lib/python3.8/site-packages'
[6.576s] Level 1:colcon.colcon_core.shell:create_environment_hook('tortoisebot_firmware', 'pythonpath')
[6.577s] INFO:colcon.colcon_core.shell:Creating environment hook '/home/user/ros2_ws/install/tortoisebot_firmware/share/tortoisebot_firmware/hook/pythonpath.ps1'
[6.578s] INFO:colcon.colcon_core.shell:Creating environment descriptor '/home/user/ros2_ws/install/tortoisebot_firmware/share/tortoisebot_firmware/hook/pythonpath.dsv'
[6.578s] INFO:colcon.colcon_core.shell:Creating environment hook '/home/user/ros2_ws/install/tortoisebot_firmware/share/tortoisebot_firmware/hook/pythonpath.sh'
[6.578s] Level 1:colcon.colcon_core.environment:checking '/home/user/ros2_ws/install/tortoisebot_firmware/bin'
[6.580s] INFO:colcon.colcon_core.shell:Creating package script '/home/user/ros2_ws/install/tortoisebot_firmware/share/tortoisebot_firmware/package.ps1'
[6.580s] INFO:colcon.colcon_core.shell:Creating package descriptor '/home/user/ros2_ws/install/tortoisebot_firmware/share/tortoisebot_firmware/package.dsv'
[6.581s] INFO:colcon.colcon_core.shell:Creating package script '/home/user/ros2_ws/install/tortoisebot_firmware/share/tortoisebot_firmware/package.sh'
[6.581s] INFO:colcon.colcon_core.shell:Creating package script '/home/user/ros2_ws/install/tortoisebot_firmware/share/tortoisebot_firmware/package.bash'
[6.581s] INFO:colcon.colcon_core.shell:Creating package script '/home/user/ros2_ws/install/tortoisebot_firmware/share/tortoisebot_firmware/package.zsh'
[6.582s] Level 1:colcon.colcon_core.environment:create_file_with_runtime_dependencies(/home/user/ros2_ws/install/tortoisebot_firmware/share/colcon-core/packages/tortoisebot_firmware)
[6.614s] Level 1:colcon.colcon_core.environment:create_environment_scripts_only(tortoisebot_firmware)
[6.616s] Level 1:colcon.colcon_core.environment:checking '/home/user/ros2_ws/install/tortoisebot_firmware' for CMake module files
[6.616s] Level 1:colcon.colcon_core.environment:checking '/home/user/ros2_ws/install/tortoisebot_firmware' for CMake config files
[6.617s] Level 1:colcon.colcon_core.shell:create_environment_hook('tortoisebot_firmware', 'cmake_prefix_path')
[6.618s] INFO:colcon.colcon_core.shell:Creating environment hook '/home/user/ros2_ws/install/tortoisebot_firmware/share/tortoisebot_firmware/hook/cmake_prefix_path.ps1'
[6.618s] INFO:colcon.colcon_core.shell:Creating environment descriptor '/home/user/ros2_ws/install/tortoisebot_firmware/share/tortoisebot_firmware/hook/cmake_prefix_path.dsv'
[6.619s] INFO:colcon.colcon_core.shell:Creating environment hook '/home/user/ros2_ws/install/tortoisebot_firmware/share/tortoisebot_firmware/hook/cmake_prefix_path.sh'
[6.619s] Level 1:colcon.colcon_core.environment:checking '/home/user/ros2_ws/install/tortoisebot_firmware/lib'
[6.619s] Level 1:colcon.colcon_core.environment:checking '/home/user/ros2_ws/install/tortoisebot_firmware/bin'
[6.619s] Level 1:colcon.colcon_core.environment:checking '/home/user/ros2_ws/install/tortoisebot_firmware/lib/pkgconfig/tortoisebot_firmware.pc'
[6.620s] Level 1:colcon.colcon_core.environment:checking '/home/user/ros2_ws/install/tortoisebot_firmware/lib/python3.8/site-packages'
[6.620s] Level 1:colcon.colcon_core.shell:create_environment_hook('tortoisebot_firmware', 'pythonpath')
[6.621s] INFO:colcon.colcon_core.shell:Creating environment hook '/home/user/ros2_ws/install/tortoisebot_firmware/share/tortoisebot_firmware/hook/pythonpath.ps1'
[6.621s] INFO:colcon.colcon_core.shell:Creating environment descriptor '/home/user/ros2_ws/install/tortoisebot_firmware/share/tortoisebot_firmware/hook/pythonpath.dsv'
[6.622s] INFO:colcon.colcon_core.shell:Creating environment hook '/home/user/ros2_ws/install/tortoisebot_firmware/share/tortoisebot_firmware/hook/pythonpath.sh'
[6.622s] Level 1:colcon.colcon_core.environment:checking '/home/user/ros2_ws/install/tortoisebot_firmware/bin'
[6.623s] INFO:colcon.colcon_core.shell:Creating package script '/home/user/ros2_ws/install/tortoisebot_firmware/share/tortoisebot_firmware/package.ps1'
[6.624s] INFO:colcon.colcon_core.shell:Creating package descriptor '/home/user/ros2_ws/install/tortoisebot_firmware/share/tortoisebot_firmware/package.dsv'
[6.625s] INFO:colcon.colcon_core.shell:Creating package script '/home/user/ros2_ws/install/tortoisebot_firmware/share/tortoisebot_firmware/package.sh'
[6.625s] INFO:colcon.colcon_core.shell:Creating package script '/home/user/ros2_ws/install/tortoisebot_firmware/share/tortoisebot_firmware/package.bash'
[6.626s] INFO:colcon.colcon_core.shell:Creating package script '/home/user/ros2_ws/install/tortoisebot_firmware/share/tortoisebot_firmware/package.zsh'
[6.626s] Level 1:colcon.colcon_core.environment:create_file_with_runtime_dependencies(/home/user/ros2_ws/install/tortoisebot_firmware/share/colcon-core/packages/tortoisebot_firmware)
[19.070s] DEBUG:colcon.colcon_core.event_handler.log_command:Invoked command in '/home/user/ros2_ws/build/tortoisebot_waypoints' returned '0': CMAKE_PREFIX_PATH=${CMAKE_PREFIX_PATH}:/opt/ros/galactic _=/usr/bin/env /usr/bin/cmake /home/user/ros2_ws/src/tortoisebot_waypoints -DCMAKE_INSTALL_PREFIX=/home/user/ros2_ws/install/tortoisebot_waypoints
[19.074s] DEBUG:colcon.colcon_core.event_handler.log_command:Invoking command in '/home/user/ros2_ws/build/tortoisebot_waypoints': CMAKE_PREFIX_PATH=${CMAKE_PREFIX_PATH}:/opt/ros/galactic _=/usr/bin/env /usr/bin/cmake --build /home/user/ros2_ws/build/tortoisebot_waypoints -- -j8 -l8
[37.130s] DEBUG:colcon.colcon_core.event_handler.log_command:Invoked command in '/home/user/ros2_ws/build/tortoisebot_waypoints' returned '0': CMAKE_PREFIX_PATH=${CMAKE_PREFIX_PATH}:/opt/ros/galactic _=/usr/bin/env /usr/bin/cmake --build /home/user/ros2_ws/build/tortoisebot_waypoints -- -j8 -l8
[37.239s] DEBUG:colcon.colcon_core.event_handler.log_command:Invoking command in '/home/user/ros2_ws/build/tortoisebot_waypoints': CMAKE_PREFIX_PATH=${CMAKE_PREFIX_PATH}:/opt/ros/galactic _=/usr/bin/env /usr/bin/cmake --install /home/user/ros2_ws/build/tortoisebot_waypoints
[37.342s] Level 1:colcon.colcon_core.environment:create_environment_scripts_only(tortoisebot_waypoints)
[37.346s] Level 1:colcon.colcon_core.environment:checking '/home/user/ros2_ws/install/tortoisebot_waypoints' for CMake module files
[37.347s] Level 1:colcon.colcon_core.environment:checking '/home/user/ros2_ws/install/tortoisebot_waypoints' for CMake config files
[37.347s] Level 1:colcon.colcon_core.shell:create_environment_hook('tortoisebot_waypoints', 'cmake_prefix_path')
[37.349s] INFO:colcon.colcon_core.shell:Creating environment hook '/home/user/ros2_ws/install/tortoisebot_waypoints/share/tortoisebot_waypoints/hook/cmake_prefix_path.ps1'
[37.350s] INFO:colcon.colcon_core.shell:Creating environment descriptor '/home/user/ros2_ws/install/tortoisebot_waypoints/share/tortoisebot_waypoints/hook/cmake_prefix_path.dsv'
[37.351s] INFO:colcon.colcon_core.shell:Creating environment hook '/home/user/ros2_ws/install/tortoisebot_waypoints/share/tortoisebot_waypoints/hook/cmake_prefix_path.sh'
[37.351s] Level 1:colcon.colcon_core.environment:checking '/home/user/ros2_ws/install/tortoisebot_waypoints/lib'
[37.352s] Level 1:colcon.colcon_core.shell:create_environment_hook('tortoisebot_waypoints', 'ld_library_path_lib')
[37.354s] INFO:colcon.colcon_core.shell:Creating environment hook '/home/user/ros2_ws/install/tortoisebot_waypoints/share/tortoisebot_waypoints/hook/ld_library_path_lib.ps1'
[37.355s] INFO:colcon.colcon_core.shell:Creating environment descriptor '/home/user/ros2_ws/install/tortoisebot_waypoints/share/tortoisebot_waypoints/hook/ld_library_path_lib.dsv'
[37.355s] INFO:colcon.colcon_core.shell:Creating environment hook '/home/user/ros2_ws/install/tortoisebot_waypoints/share/tortoisebot_waypoints/hook/ld_library_path_lib.sh'
[37.356s] Level 1:colcon.colcon_core.environment:checking '/home/user/ros2_ws/install/tortoisebot_waypoints/bin'
[37.356s] Level 1:colcon.colcon_core.environment:checking '/home/user/ros2_ws/install/tortoisebot_waypoints/lib/pkgconfig/tortoisebot_waypoints.pc'
[37.357s] Level 1:colcon.colcon_core.environment:checking '/home/user/ros2_ws/install/tortoisebot_waypoints/lib/python3.8/site-packages'
[37.357s] DEBUG:colcon.colcon_core.event_handler.log_command:Invoked command in '/home/user/ros2_ws/build/tortoisebot_waypoints' returned '0': CMAKE_PREFIX_PATH=${CMAKE_PREFIX_PATH}:/opt/ros/galactic _=/usr/bin/env /usr/bin/cmake --install /home/user/ros2_ws/build/tortoisebot_waypoints
[37.358s] Level 1:colcon.colcon_core.shell:create_environment_hook('tortoisebot_waypoints', 'pythonpath')
[37.359s] INFO:colcon.colcon_core.shell:Creating environment hook '/home/user/ros2_ws/install/tortoisebot_waypoints/share/tortoisebot_waypoints/hook/pythonpath.ps1'
[37.360s] INFO:colcon.colcon_core.shell:Creating environment descriptor '/home/user/ros2_ws/install/tortoisebot_waypoints/share/tortoisebot_waypoints/hook/pythonpath.dsv'
[37.360s] INFO:colcon.colcon_core.shell:Creating environment hook '/home/user/ros2_ws/install/tortoisebot_waypoints/share/tortoisebot_waypoints/hook/pythonpath.sh'
[37.361s] Level 1:colcon.colcon_core.environment:checking '/home/user/ros2_ws/install/tortoisebot_waypoints/bin'
[37.363s] INFO:colcon.colcon_core.shell:Creating package script '/home/user/ros2_ws/install/tortoisebot_waypoints/share/tortoisebot_waypoints/package.ps1'
[37.363s] INFO:colcon.colcon_core.shell:Creating package descriptor '/home/user/ros2_ws/install/tortoisebot_waypoints/share/tortoisebot_waypoints/package.dsv'
[37.364s] INFO:colcon.colcon_core.shell:Creating package script '/home/user/ros2_ws/install/tortoisebot_waypoints/share/tortoisebot_waypoints/package.sh'
[37.365s] INFO:colcon.colcon_core.shell:Creating package script '/home/user/ros2_ws/install/tortoisebot_waypoints/share/tortoisebot_waypoints/package.bash'
[37.365s] INFO:colcon.colcon_core.shell:Creating package script '/home/user/ros2_ws/install/tortoisebot_waypoints/share/tortoisebot_waypoints/package.zsh'
[37.366s] Level 1:colcon.colcon_core.environment:create_file_with_runtime_dependencies(/home/user/ros2_ws/install/tortoisebot_waypoints/share/colcon-core/packages/tortoisebot_waypoints)
[37.480s] Level 1:colcon.colcon_core.environment:create_environment_scripts_only(tortoisebot_waypoints)
[37.482s] Level 1:colcon.colcon_core.environment:checking '/home/user/ros2_ws/install/tortoisebot_waypoints' for CMake module files
[37.483s] Level 1:colcon.colcon_core.environment:checking '/home/user/ros2_ws/install/tortoisebot_waypoints' for CMake config files
[37.483s] Level 1:colcon.colcon_core.shell:create_environment_hook('tortoisebot_waypoints', 'cmake_prefix_path')
[37.485s] INFO:colcon.colcon_core.shell:Creating environment hook '/home/user/ros2_ws/install/tortoisebot_waypoints/share/tortoisebot_waypoints/hook/cmake_prefix_path.ps1'
[37.486s] INFO:colcon.colcon_core.shell:Creating environment descriptor '/home/user/ros2_ws/install/tortoisebot_waypoints/share/tortoisebot_waypoints/hook/cmake_prefix_path.dsv'
[37.486s] INFO:colcon.colcon_core.shell:Creating environment hook '/home/user/ros2_ws/install/tortoisebot_waypoints/share/tortoisebot_waypoints/hook/cmake_prefix_path.sh'
[37.487s] Level 1:colcon.colcon_core.environment:checking '/home/user/ros2_ws/install/tortoisebot_waypoints/lib'
[37.488s] Level 1:colcon.colcon_core.shell:create_environment_hook('tortoisebot_waypoints', 'ld_library_path_lib')
[37.489s] INFO:colcon.colcon_core.shell:Creating environment hook '/home/user/ros2_ws/install/tortoisebot_waypoints/share/tortoisebot_waypoints/hook/ld_library_path_lib.ps1'
[37.490s] INFO:colcon.colcon_core.shell:Creating environment descriptor '/home/user/ros2_ws/install/tortoisebot_waypoints/share/tortoisebot_waypoints/hook/ld_library_path_lib.dsv'
[37.490s] INFO:colcon.colcon_core.shell:Creating environment hook '/home/user/ros2_ws/install/tortoisebot_waypoints/share/tortoisebot_waypoints/hook/ld_library_path_lib.sh'
[37.491s] Level 1:colcon.colcon_core.environment:checking '/home/user/ros2_ws/install/tortoisebot_waypoints/bin'
[37.491s] Level 1:colcon.colcon_core.environment:checking '/home/user/ros2_ws/install/tortoisebot_waypoints/lib/pkgconfig/tortoisebot_waypoints.pc'
[37.491s] Level 1:colcon.colcon_core.environment:checking '/home/user/ros2_ws/install/tortoisebot_waypoints/lib/python3.8/site-packages'
[37.491s] Level 1:colcon.colcon_core.shell:create_environment_hook('tortoisebot_waypoints', 'pythonpath')
[37.493s] INFO:colcon.colcon_core.shell:Creating environment hook '/home/user/ros2_ws/install/tortoisebot_waypoints/share/tortoisebot_waypoints/hook/pythonpath.ps1'
[37.493s] INFO:colcon.colcon_core.shell:Creating environment descriptor '/home/user/ros2_ws/install/tortoisebot_waypoints/share/tortoisebot_waypoints/hook/pythonpath.dsv'
[37.493s] INFO:colcon.colcon_core.shell:Creating environment hook '/home/user/ros2_ws/install/tortoisebot_waypoints/share/tortoisebot_waypoints/hook/pythonpath.sh'
[37.494s] Level 1:colcon.colcon_core.environment:checking '/home/user/ros2_ws/install/tortoisebot_waypoints/bin'
[37.496s] INFO:colcon.colcon_core.shell:Creating package script '/home/user/ros2_ws/install/tortoisebot_waypoints/share/tortoisebot_waypoints/package.ps1'
[37.497s] INFO:colcon.colcon_core.shell:Creating package descriptor '/home/user/ros2_ws/install/tortoisebot_waypoints/share/tortoisebot_waypoints/package.dsv'
[37.497s] INFO:colcon.colcon_core.shell:Creating package script '/home/user/ros2_ws/install/tortoisebot_waypoints/share/tortoisebot_waypoints/package.sh'
[37.498s] INFO:colcon.colcon_core.shell:Creating package script '/home/user/ros2_ws/install/tortoisebot_waypoints/share/tortoisebot_waypoints/package.bash'
[37.498s] INFO:colcon.colcon_core.shell:Creating package script '/home/user/ros2_ws/install/tortoisebot_waypoints/share/tortoisebot_waypoints/package.zsh'
[37.499s] Level 1:colcon.colcon_core.environment:create_file_with_runtime_dependencies(/home/user/ros2_ws/install/tortoisebot_waypoints/share/colcon-core/packages/tortoisebot_waypoints)
[37.499s] DEBUG:colcon.colcon_parallel_executor.executor.parallel:closing loop
[37.500s] DEBUG:colcon.colcon_parallel_executor.executor.parallel:loop closed
[37.500s] DEBUG:colcon.colcon_parallel_executor.executor.parallel:run_until_complete finished with '0'
[37.500s] DEBUG:colcon.colcon_core.event_reactor:joining thread
[37.566s] INFO:colcon.colcon_core.plugin_system:Skipping extension 'colcon_notification.desktop_notification.notify_send': Could not find 'notify-send'
[37.566s] INFO:colcon.colcon_core.plugin_system:Skipping extension 'colcon_notification.desktop_notification.terminal_notifier': Not used on non-Darwin systems
[37.566s] INFO:colcon.colcon_core.plugin_system:Skipping extension 'colcon_notification.desktop_notification.win32': Not used on non-Windows systems
[37.566s] INFO:colcon.colcon_notification.desktop_notification:Sending desktop notification using 'notify2'
[37.570s] DEBUG:colcon.colcon_notification.desktop_notification.notify2:Failed to initialize notify2: org.freedesktop.DBus.Error.Spawn.ExecFailed: /usr/bin/dbus-launch terminated abnormally without any error message
[37.570s] DEBUG:colcon.colcon_core.event_reactor:joined thread
[37.573s] INFO:colcon.colcon_core.shell:Creating prefix script '/home/user/ros2_ws/install/local_setup.ps1'
[37.575s] INFO:colcon.colcon_core.shell:Creating prefix util module '/home/user/ros2_ws/install/_local_setup_util_ps1.py'
[37.576s] INFO:colcon.colcon_core.shell:Creating prefix chain script '/home/user/ros2_ws/install/setup.ps1'
[37.579s] INFO:colcon.colcon_core.shell:Creating prefix script '/home/user/ros2_ws/install/local_setup.sh'
[37.580s] INFO:colcon.colcon_core.shell:Creating prefix util module '/home/user/ros2_ws/install/_local_setup_util_sh.py'
[37.581s] INFO:colcon.colcon_core.shell:Creating prefix chain script '/home/user/ros2_ws/install/setup.sh'
[37.583s] INFO:colcon.colcon_core.shell:Creating prefix script '/home/user/ros2_ws/install/local_setup.bash'
[37.584s] INFO:colcon.colcon_core.shell:Creating prefix chain script '/home/user/ros2_ws/install/setup.bash'
[37.587s] INFO:colcon.colcon_core.shell:Creating prefix script '/home/user/ros2_ws/install/local_setup.zsh'
[37.588s] INFO:colcon.colcon_core.shell:Creating prefix chain script '/home/user/ros2_ws/install/setup.zsh'
