-- The C compiler identification is GNU 9.4.0
-- The CXX compiler identification is GNU 9.4.0
-- Check for working C compiler: /usr/bin/cc
-- Check for working C compiler: /usr/bin/cc -- works
-- Detecting C compiler ABI info
-- Detecting C compiler ABI info - done
-- Detecting C compile features
-- Detecting C compile features - done
-- Check for working CXX compiler: /usr/bin/c++
-- Check for working CXX compiler: /usr/bin/c++ -- works
-- Detecting CXX compiler ABI info
-- Detecting CXX compiler ABI info - done
-- Detecting CXX compile features
-- Detecting CXX compile features - done
-- Found ament_cmake: 1.1.5 (/opt/ros/galactic/share/ament_cmake/cmake)
-- Found PythonInterp: /usr/bin/python3 (found suitable version "3.8.10", minimum required is "3") 
-- Using PYTHON_EXECUTABLE: /usr/bin/python3
-- Found ament_cmake_gtest: 1.1.5 (/opt/ros/galactic/share/ament_cmake_gtest/cmake)
-- Found rosidl_default_generators: 1.1.1 (/opt/ros/galactic/share/rosidl_default_generators/cmake)
-- Using all available rosidl_typesupport_c: rosidl_typesupport_fastrtps_c;rosidl_typesupport_introspection_c
-- Found rosidl_adapter: 2.2.2 (/opt/ros/galactic/share/rosidl_adapter/cmake)
-- Found OpenSSL: /usr/lib/x86_64-linux-gnu/libcrypto.so (found version "1.1.1f")  
-- Found FastRTPS: /opt/ros/galactic/include  
-- Using all available rosidl_typesupport_cpp: rosidl_typesupport_fastrtps_cpp;rosidl_typesupport_introspection_cpp
-- Found rclcpp: 9.2.1 (/opt/ros/galactic/share/rclcpp/cmake)
-- Found rmw_implementation_cmake: 3.3.1 (/opt/ros/galactic/share/rmw_implementation_cmake/cmake)
-- Found rmw_cyclonedds_cpp: 0.22.5 (/opt/ros/galactic/share/rmw_cyclonedds_cpp/cmake)
-- Using RMW implementation 'rmw_cyclonedds_cpp' as default
-- Looking for pthread.h
-- Looking for pthread.h - found
-- Performing Test CMAKE_HAVE_LIBC_PTHREAD
-- Performing Test CMAKE_HAVE_LIBC_PTHREAD - Failed
-- Looking for pthread_create in pthreads
-- Looking for pthread_create in pthreads - not found
-- Looking for pthread_create in pthread
-- Looking for pthread_create in pthread - found
-- Found Threads: TRUE  
-- Found rclcpp_action: 9.2.1 (/opt/ros/galactic/share/rclcpp_action/cmake)
-- Found geometry_msgs: 2.2.4 (/opt/ros/galactic/share/geometry_msgs/cmake)
-- Found nav_msgs: 2.2.4 (/opt/ros/galactic/share/nav_msgs/cmake)
-- Found tf2: 0.17.3 (/opt/ros/galactic/share/tf2/cmake)
-- Found GTest: /usr/lib/x86_64-linux-gnu/libgtest.a  
-- Found PythonInterp: /usr/bin/python3 (found version "3.8.10") 
-- Found ament_cmake_ros: 0.9.2 (/opt/ros/galactic/share/ament_cmake_ros/cmake)
-- Using all available rosidl_typesupport_c: rosidl_typesupport_fastrtps_c;rosidl_typesupport_introspection_c
-- Using all available rosidl_typesupport_cpp: rosidl_typesupport_fastrtps_cpp;rosidl_typesupport_introspection_cpp
-- Found PythonInterp: /usr/bin/python3 (found suitable version "3.8.10", minimum required is "3.5") 
-- Found python_cmake_module: 0.8.1 (/opt/ros/galactic/share/python_cmake_module/cmake)
-- Found PythonLibs: /usr/lib/x86_64-linux-gnu/libpython3.8.so (found suitable version "3.8.10", minimum required is "3.5") 
-- Using PYTHON_EXECUTABLE: /usr/bin/python3
-- Using PYTHON_INCLUDE_DIRS: /usr/include/python3.8
-- Using PYTHON_LIBRARIES: /usr/lib/x86_64-linux-gnu/libpython3.8.so
-- Found PythonExtra: .so  
-- Found gtest sources under '/opt/ros/galactic/src/gtest_vendor': C++ tests using 'Google Test' will be built
-- Check if compiler accepts -pthread
-- Check if compiler accepts -pthread - yes
-- Configuring done
-- Generating done
-- Build files have been written to: /home/user/ros2_ws/build/tortoisebot_waypoints
[35m[1mScanning dependencies of target gtest[0m
[35m[1mScanning dependencies of target gtest_main[0m
[35m[1mScanning dependencies of target tortoisebot_waypoints__cpp[0m
[  2%] [34m[1mGenerating C code for ROS interfaces[0m
[  5%] [34m[1mGenerating C++ code for ROS interfaces[0m
[  7%] [32mBuilding CXX object gtest/CMakeFiles/gtest_main.dir/src/gtest_main.cc.o[0m
[ 10%] [32mBuilding CXX object gtest/CMakeFiles/gtest.dir/src/gtest-all.cc.o[0m
[ 10%] Built target tortoisebot_waypoints__cpp
[35m[1mScanning dependencies of target tortoisebot_waypoints__rosidl_generator_c[0m
[ 12%] [34m[1mGenerating C++ type support for eProsima Fast-RTPS[0m
[ 15%] [34m[1mGenerating C++ type support dispatch for ROS interfaces[0m
[ 17%] [34m[1mGenerating C++ introspection for ROS interfaces[0m
[35m[1mScanning dependencies of target tortoisebot_waypoints__rosidl_typesupport_cpp[0m
[35m[1mScanning dependencies of target tortoisebot_waypoints__rosidl_typesupport_introspection_cpp[0m
[ 20%] [32mBuilding C object CMakeFiles/tortoisebot_waypoints__rosidl_generator_c.dir/rosidl_generator_c/tortoisebot_waypoints/action/detail/waypoint__functions.c.o[0m
[35m[1mScanning dependencies of target tortoisebot_waypoints__rosidl_typesupport_fastrtps_cpp[0m
[ 23%] [32mBuilding CXX object CMakeFiles/tortoisebot_waypoints__rosidl_typesupport_introspection_cpp.dir/rosidl_typesupport_introspection_cpp/tortoisebot_waypoints/action/detail/waypoint__type_support.cpp.o[0m
[ 25%] [32mBuilding CXX object CMakeFiles/tortoisebot_waypoints__rosidl_typesupport_cpp.dir/rosidl_typesupport_cpp/tortoisebot_waypoints/action/waypoint__type_support.cpp.o[0m
[ 28%] [32mBuilding CXX object CMakeFiles/tortoisebot_waypoints__rosidl_typesupport_fastrtps_cpp.dir/rosidl_typesupport_fastrtps_cpp/tortoisebot_waypoints/action/detail/dds_fastrtps/waypoint__type_support.cpp.o[0m
[ 30%] [32m[1mLinking C shared library libtortoisebot_waypoints__rosidl_generator_c.so[0m
[ 30%] Built target tortoisebot_waypoints__rosidl_generator_c
[ 33%] [34m[1mGenerating C introspection for ROS interfaces[0m
[ 35%] [34m[1mGenerating C type support dispatch for ROS interfaces[0m
[35m[1mScanning dependencies of target tortoisebot_waypoints__rosidl_typesupport_c[0m
[ 38%] [32mBuilding CXX object CMakeFiles/tortoisebot_waypoints__rosidl_typesupport_c.dir/rosidl_typesupport_c/tortoisebot_waypoints/action/waypoint__type_support.cpp.o[0m
[35m[1mScanning dependencies of target tortoisebot_waypoints__rosidl_typesupport_introspection_c[0m
[ 41%] [32m[1mLinking CXX shared library libtortoisebot_waypoints__rosidl_typesupport_c.so[0m
[ 43%] [32mBuilding C object CMakeFiles/tortoisebot_waypoints__rosidl_typesupport_introspection_c.dir/rosidl_typesupport_introspection_c/tortoisebot_waypoints/action/detail/waypoint__type_support.c.o[0m
[ 43%] Built target tortoisebot_waypoints__rosidl_typesupport_c
[ 46%] [32m[1mLinking C shared library libtortoisebot_waypoints__rosidl_typesupport_introspection_c.so[0m
[ 46%] Built target tortoisebot_waypoints__rosidl_typesupport_introspection_c
[ 48%] [32m[1mLinking CXX shared library libtortoisebot_waypoints__rosidl_typesupport_cpp.so[0m
[ 51%] [32m[1mLinking CXX shared library libtortoisebot_waypoints__rosidl_typesupport_introspection_cpp.so[0m
[ 51%] Built target tortoisebot_waypoints__rosidl_typesupport_cpp
[ 51%] Built target tortoisebot_waypoints__rosidl_typesupport_introspection_cpp
[ 53%] [32m[1mLinking CXX shared library libtortoisebot_waypoints__rosidl_typesupport_fastrtps_cpp.so[0m
[ 56%] [32m[1mLinking CXX static library libgtest_main.a[0m
[ 56%] Built target tortoisebot_waypoints__rosidl_typesupport_fastrtps_cpp
[ 58%] [34m[1mGenerating C type support for eProsima Fast-RTPS[0m
[ 58%] Built target gtest_main
[35m[1mScanning dependencies of target tortoisebot_waypoints__rosidl_typesupport_fastrtps_c[0m
[ 61%] [32mBuilding CXX object CMakeFiles/tortoisebot_waypoints__rosidl_typesupport_fastrtps_c.dir/rosidl_typesupport_fastrtps_c/tortoisebot_waypoints/action/detail/waypoint__type_support_c.cpp.o[0m
[ 64%] [32m[1mLinking CXX shared library libtortoisebot_waypoints__rosidl_typesupport_fastrtps_c.so[0m
[ 64%] Built target tortoisebot_waypoints__rosidl_typesupport_fastrtps_c
[35m[1mScanning dependencies of target tortoisebot_waypoints[0m
[ 64%] Built target tortoisebot_waypoints
[35m[1mScanning dependencies of target tortoisebot_waypoints__py[0m
[35m[1mScanning dependencies of target tortoisebot_action_server[0m
[ 66%] [34m[1mGenerating Python code for ROS interfaces[0m
[ 69%] [32mBuilding CXX object CMakeFiles/tortoisebot_action_server.dir/src/tortoisebot_action_server.cpp.o[0m
[ 71%] [32m[1mLinking CXX static library libgtest.a[0m
[ 71%] Built target gtest
[35m[1mScanning dependencies of target test_tortoisebot_waypoints[0m
[ 74%] [32mBuilding CXX object CMakeFiles/test_tortoisebot_waypoints.dir/test/waypoints_test.cpp.o[0m
[ 74%] Built target tortoisebot_waypoints__py
[35m[1mScanning dependencies of target tortoisebot_waypoints__python[0m
[ 76%] [32mBuilding C object CMakeFiles/tortoisebot_waypoints__python.dir/rosidl_generator_py/tortoisebot_waypoints/action/_waypoint_s.c.o[0m
[ 79%] [32m[1mLinking C shared library rosidl_generator_py/tortoisebot_waypoints/libtortoisebot_waypoints__python.so[0m
[ 79%] Built target tortoisebot_waypoints__python
[35m[1mScanning dependencies of target tortoisebot_waypoints__rosidl_typesupport_introspection_c__pyext[0m
[35m[1mScanning dependencies of target tortoisebot_waypoints__rosidl_typesupport_c__pyext[0m
[35m[1mScanning dependencies of target tortoisebot_waypoints__rosidl_typesupport_fastrtps_c__pyext[0m
[ 82%] [32mBuilding C object CMakeFiles/tortoisebot_waypoints__rosidl_typesupport_introspection_c__pyext.dir/rosidl_generator_py/tortoisebot_waypoints/_tortoisebot_waypoints_s.ep.rosidl_typesupport_introspection_c.c.o[0m
[ 84%] [32mBuilding C object CMakeFiles/tortoisebot_waypoints__rosidl_typesupport_c__pyext.dir/rosidl_generator_py/tortoisebot_waypoints/_tortoisebot_waypoints_s.ep.rosidl_typesupport_c.c.o[0m
[ 87%] [32mBuilding C object CMakeFiles/tortoisebot_waypoints__rosidl_typesupport_fastrtps_c__pyext.dir/rosidl_generator_py/tortoisebot_waypoints/_tortoisebot_waypoints_s.ep.rosidl_typesupport_fastrtps_c.c.o[0m
[ 89%] [32m[1mLinking C shared library rosidl_generator_py/tortoisebot_waypoints/tortoisebot_waypoints_s__rosidl_typesupport_introspection_c.cpython-38-x86_64-linux-gnu.so[0m
[ 92%] [32m[1mLinking C shared library rosidl_generator_py/tortoisebot_waypoints/tortoisebot_waypoints_s__rosidl_typesupport_c.cpython-38-x86_64-linux-gnu.so[0m
[ 94%] [32m[1mLinking CXX shared library rosidl_generator_py/tortoisebot_waypoints/tortoisebot_waypoints_s__rosidl_typesupport_fastrtps_c.cpython-38-x86_64-linux-gnu.so[0m
[ 94%] Built target tortoisebot_waypoints__rosidl_typesupport_introspection_c__pyext
[ 94%] Built target tortoisebot_waypoints__rosidl_typesupport_c__pyext
[ 94%] Built target tortoisebot_waypoints__rosidl_typesupport_fastrtps_c__pyext
[ 97%] [32m[1mLinking CXX executable tortoisebot_action_server[0m
[ 97%] Built target tortoisebot_action_server
[100%] [32m[1mLinking CXX executable test_tortoisebot_waypoints[0m
[100%] Built target test_tortoisebot_waypoints
-- Install configuration: ""
-- Installing: /home/user/ros2_ws/install/tortoisebot_waypoints/share/ament_index/resource_index/rosidl_interfaces/tortoisebot_waypoints
-- Installing: /home/user/ros2_ws/install/tortoisebot_waypoints/include/tortoisebot_waypoints
-- Installing: /home/user/ros2_ws/install/tortoisebot_waypoints/include/tortoisebot_waypoints/msg
-- Installing: /home/user/ros2_ws/install/tortoisebot_waypoints/include/tortoisebot_waypoints/msg/rosidl_generator_c__visibility_control.h
-- Installing: /home/user/ros2_ws/install/tortoisebot_waypoints/include/tortoisebot_waypoints/action
-- Installing: /home/user/ros2_ws/install/tortoisebot_waypoints/include/tortoisebot_waypoints/action/detail
-- Installing: /home/user/ros2_ws/install/tortoisebot_waypoints/include/tortoisebot_waypoints/action/detail/waypoint__functions.h
-- Installing: /home/user/ros2_ws/install/tortoisebot_waypoints/include/tortoisebot_waypoints/action/detail/waypoint__struct.h
-- Installing: /home/user/ros2_ws/install/tortoisebot_waypoints/include/tortoisebot_waypoints/action/detail/waypoint__functions.c
-- Installing: /home/user/ros2_ws/install/tortoisebot_waypoints/include/tortoisebot_waypoints/action/detail/waypoint__type_support.h
-- Installing: /home/user/ros2_ws/install/tortoisebot_waypoints/include/tortoisebot_waypoints/action/waypoint.h
-- Installing: /home/user/ros2_ws/install/tortoisebot_waypoints/share/tortoisebot_waypoints/environment/library_path.sh
-- Installing: /home/user/ros2_ws/install/tortoisebot_waypoints/share/tortoisebot_waypoints/environment/library_path.dsv
-- Installing: /home/user/ros2_ws/install/tortoisebot_waypoints/lib/libtortoisebot_waypoints__rosidl_generator_c.so
-- Set runtime path of "/home/user/ros2_ws/install/tortoisebot_waypoints/lib/libtortoisebot_waypoints__rosidl_generator_c.so" to ""
-- Up-to-date: /home/user/ros2_ws/install/tortoisebot_waypoints/include/tortoisebot_waypoints
-- Up-to-date: /home/user/ros2_ws/install/tortoisebot_waypoints/include/tortoisebot_waypoints/msg
-- Installing: /home/user/ros2_ws/install/tortoisebot_waypoints/include/tortoisebot_waypoints/msg/rosidl_typesupport_fastrtps_c__visibility_control.h
-- Up-to-date: /home/user/ros2_ws/install/tortoisebot_waypoints/include/tortoisebot_waypoints/action
-- Up-to-date: /home/user/ros2_ws/install/tortoisebot_waypoints/include/tortoisebot_waypoints/action/detail
-- Installing: /home/user/ros2_ws/install/tortoisebot_waypoints/include/tortoisebot_waypoints/action/detail/waypoint__rosidl_typesupport_fastrtps_c.h
-- Installing: /home/user/ros2_ws/install/tortoisebot_waypoints/lib/libtortoisebot_waypoints__rosidl_typesupport_fastrtps_c.so
-- Set runtime path of "/home/user/ros2_ws/install/tortoisebot_waypoints/lib/libtortoisebot_waypoints__rosidl_typesupport_fastrtps_c.so" to ""
-- Up-to-date: /home/user/ros2_ws/install/tortoisebot_waypoints/include/tortoisebot_waypoints
-- Up-to-date: /home/user/ros2_ws/install/tortoisebot_waypoints/include/tortoisebot_waypoints/msg
-- Installing: /home/user/ros2_ws/install/tortoisebot_waypoints/include/tortoisebot_waypoints/msg/rosidl_typesupport_fastrtps_cpp__visibility_control.h
-- Up-to-date: /home/user/ros2_ws/install/tortoisebot_waypoints/include/tortoisebot_waypoints/action
-- Up-to-date: /home/user/ros2_ws/install/tortoisebot_waypoints/include/tortoisebot_waypoints/action/detail
-- Installing: /home/user/ros2_ws/install/tortoisebot_waypoints/include/tortoisebot_waypoints/action/detail/dds_fastrtps
-- Installing: /home/user/ros2_ws/install/tortoisebot_waypoints/include/tortoisebot_waypoints/action/detail/waypoint__rosidl_typesupport_fastrtps_cpp.hpp
-- Installing: /home/user/ros2_ws/install/tortoisebot_waypoints/lib/libtortoisebot_waypoints__rosidl_typesupport_fastrtps_cpp.so
-- Set runtime path of "/home/user/ros2_ws/install/tortoisebot_waypoints/lib/libtortoisebot_waypoints__rosidl_typesupport_fastrtps_cpp.so" to ""
-- Up-to-date: /home/user/ros2_ws/install/tortoisebot_waypoints/include/tortoisebot_waypoints
-- Up-to-date: /home/user/ros2_ws/install/tortoisebot_waypoints/include/tortoisebot_waypoints/msg
-- Installing: /home/user/ros2_ws/install/tortoisebot_waypoints/include/tortoisebot_waypoints/msg/rosidl_typesupport_introspection_c__visibility_control.h
-- Up-to-date: /home/user/ros2_ws/install/tortoisebot_waypoints/include/tortoisebot_waypoints/action
-- Up-to-date: /home/user/ros2_ws/install/tortoisebot_waypoints/include/tortoisebot_waypoints/action/detail
-- Installing: /home/user/ros2_ws/install/tortoisebot_waypoints/include/tortoisebot_waypoints/action/detail/waypoint__type_support.c
-- Installing: /home/user/ros2_ws/install/tortoisebot_waypoints/include/tortoisebot_waypoints/action/detail/waypoint__rosidl_typesupport_introspection_c.h
-- Installing: /home/user/ros2_ws/install/tortoisebot_waypoints/lib/libtortoisebot_waypoints__rosidl_typesupport_introspection_c.so
-- Set runtime path of "/home/user/ros2_ws/install/tortoisebot_waypoints/lib/libtortoisebot_waypoints__rosidl_typesupport_introspection_c.so" to ""
-- Installing: /home/user/ros2_ws/install/tortoisebot_waypoints/lib/libtortoisebot_waypoints__rosidl_typesupport_c.so
-- Set runtime path of "/home/user/ros2_ws/install/tortoisebot_waypoints/lib/libtortoisebot_waypoints__rosidl_typesupport_c.so" to ""
-- Up-to-date: /home/user/ros2_ws/install/tortoisebot_waypoints/include/tortoisebot_waypoints
-- Up-to-date: /home/user/ros2_ws/install/tortoisebot_waypoints/include/tortoisebot_waypoints/action
-- Up-to-date: /home/user/ros2_ws/install/tortoisebot_waypoints/include/tortoisebot_waypoints/action/detail
-- Installing: /home/user/ros2_ws/install/tortoisebot_waypoints/include/tortoisebot_waypoints/action/detail/waypoint__traits.hpp
-- Installing: /home/user/ros2_ws/install/tortoisebot_waypoints/include/tortoisebot_waypoints/action/detail/waypoint__struct.hpp
-- Installing: /home/user/ros2_ws/install/tortoisebot_waypoints/include/tortoisebot_waypoints/action/detail/waypoint__builder.hpp
-- Installing: /home/user/ros2_ws/install/tortoisebot_waypoints/include/tortoisebot_waypoints/action/waypoint.hpp
-- Up-to-date: /home/user/ros2_ws/install/tortoisebot_waypoints/include/tortoisebot_waypoints
-- Up-to-date: /home/user/ros2_ws/install/tortoisebot_waypoints/include/tortoisebot_waypoints/action
-- Up-to-date: /home/user/ros2_ws/install/tortoisebot_waypoints/include/tortoisebot_waypoints/action/detail
-- Installing: /home/user/ros2_ws/install/tortoisebot_waypoints/include/tortoisebot_waypoints/action/detail/waypoint__type_support.cpp
-- Installing: /home/user/ros2_ws/install/tortoisebot_waypoints/include/tortoisebot_waypoints/action/detail/waypoint__rosidl_typesupport_introspection_cpp.hpp
-- Installing: /home/user/ros2_ws/install/tortoisebot_waypoints/lib/libtortoisebot_waypoints__rosidl_typesupport_introspection_cpp.so
-- Set runtime path of "/home/user/ros2_ws/install/tortoisebot_waypoints/lib/libtortoisebot_waypoints__rosidl_typesupport_introspection_cpp.so" to ""
-- Installing: /home/user/ros2_ws/install/tortoisebot_waypoints/lib/libtortoisebot_waypoints__rosidl_typesupport_cpp.so
-- Set runtime path of "/home/user/ros2_ws/install/tortoisebot_waypoints/lib/libtortoisebot_waypoints__rosidl_typesupport_cpp.so" to ""
-- Installing: /home/user/ros2_ws/install/tortoisebot_waypoints/share/tortoisebot_waypoints/environment/pythonpath.sh
-- Installing: /home/user/ros2_ws/install/tortoisebot_waypoints/share/tortoisebot_waypoints/environment/pythonpath.dsv
-- Installing: /home/user/ros2_ws/install/tortoisebot_waypoints/lib/python3.8/site-packages/tortoisebot_waypoints/__init__.py
Compiling '/home/user/ros2_ws/install/tortoisebot_waypoints/lib/python3.8/site-packages/tortoisebot_waypoints/__init__.py'...
-- Installing: /home/user/ros2_ws/install/tortoisebot_waypoints/lib/python3.8/site-packages/tortoisebot_waypoints/action
-- Installing: /home/user/ros2_ws/install/tortoisebot_waypoints/lib/python3.8/site-packages/tortoisebot_waypoints/action/__init__.py
-- Installing: /home/user/ros2_ws/install/tortoisebot_waypoints/lib/python3.8/site-packages/tortoisebot_waypoints/action/_waypoint_s.c
-- Installing: /home/user/ros2_ws/install/tortoisebot_waypoints/lib/python3.8/site-packages/tortoisebot_waypoints/action/_waypoint.py
-- Installing: /home/user/ros2_ws/install/tortoisebot_waypoints/lib/python3.8/site-packages/tortoisebot_waypoints/tortoisebot_waypoints_s__rosidl_typesupport_fastrtps_c.cpython-38-x86_64-linux-gnu.so
-- Set runtime path of "/home/user/ros2_ws/install/tortoisebot_waypoints/lib/python3.8/site-packages/tortoisebot_waypoints/tortoisebot_waypoints_s__rosidl_typesupport_fastrtps_c.cpython-38-x86_64-linux-gnu.so" to ""
-- Installing: /home/user/ros2_ws/install/tortoisebot_waypoints/lib/python3.8/site-packages/tortoisebot_waypoints/tortoisebot_waypoints_s__rosidl_typesupport_introspection_c.cpython-38-x86_64-linux-gnu.so
-- Set runtime path of "/home/user/ros2_ws/install/tortoisebot_waypoints/lib/python3.8/site-packages/tortoisebot_waypoints/tortoisebot_waypoints_s__rosidl_typesupport_introspection_c.cpython-38-x86_64-linux-gnu.so" to ""
-- Installing: /home/user/ros2_ws/install/tortoisebot_waypoints/lib/python3.8/site-packages/tortoisebot_waypoints/tortoisebot_waypoints_s__rosidl_typesupport_c.cpython-38-x86_64-linux-gnu.so
-- Set runtime path of "/home/user/ros2_ws/install/tortoisebot_waypoints/lib/python3.8/site-packages/tortoisebot_waypoints/tortoisebot_waypoints_s__rosidl_typesupport_c.cpython-38-x86_64-linux-gnu.so" to ""
-- Installing: /home/user/ros2_ws/install/tortoisebot_waypoints/lib/libtortoisebot_waypoints__python.so
-- Set runtime path of "/home/user/ros2_ws/install/tortoisebot_waypoints/lib/libtortoisebot_waypoints__python.so" to ""
-- Installing: /home/user/ros2_ws/install/tortoisebot_waypoints/share/tortoisebot_waypoints/action/Waypoint.idl
-- Installing: /home/user/ros2_ws/install/tortoisebot_waypoints/share/tortoisebot_waypoints/action/Waypoint.action
-- Installing: /home/user/ros2_ws/install/tortoisebot_waypoints/lib/tortoisebot_waypoints/tortoisebot_action_server
-- Set runtime path of "/home/user/ros2_ws/install/tortoisebot_waypoints/lib/tortoisebot_waypoints/tortoisebot_action_server" to ""
-- Installing: /home/user/ros2_ws/install/tortoisebot_waypoints/share/ament_index/resource_index/package_run_dependencies/tortoisebot_waypoints
-- Installing: /home/user/ros2_ws/install/tortoisebot_waypoints/share/ament_index/resource_index/parent_prefix_path/tortoisebot_waypoints
-- Installing: /home/user/ros2_ws/install/tortoisebot_waypoints/share/tortoisebot_waypoints/environment/ament_prefix_path.sh
-- Installing: /home/user/ros2_ws/install/tortoisebot_waypoints/share/tortoisebot_waypoints/environment/ament_prefix_path.dsv
-- Installing: /home/user/ros2_ws/install/tortoisebot_waypoints/share/tortoisebot_waypoints/environment/path.sh
-- Installing: /home/user/ros2_ws/install/tortoisebot_waypoints/share/tortoisebot_waypoints/environment/path.dsv
-- Installing: /home/user/ros2_ws/install/tortoisebot_waypoints/share/tortoisebot_waypoints/local_setup.bash
-- Installing: /home/user/ros2_ws/install/tortoisebot_waypoints/share/tortoisebot_waypoints/local_setup.sh
-- Installing: /home/user/ros2_ws/install/tortoisebot_waypoints/share/tortoisebot_waypoints/local_setup.zsh
-- Installing: /home/user/ros2_ws/install/tortoisebot_waypoints/share/tortoisebot_waypoints/local_setup.dsv
-- Installing: /home/user/ros2_ws/install/tortoisebot_waypoints/share/tortoisebot_waypoints/package.dsv
-- Installing: /home/user/ros2_ws/install/tortoisebot_waypoints/share/ament_index/resource_index/packages/tortoisebot_waypoints
-- Installing: /home/user/ros2_ws/install/tortoisebot_waypoints/share/tortoisebot_waypoints/cmake/tortoisebot_waypoints__rosidl_generator_cExport.cmake
-- Installing: /home/user/ros2_ws/install/tortoisebot_waypoints/share/tortoisebot_waypoints/cmake/tortoisebot_waypoints__rosidl_generator_cExport-noconfig.cmake
-- Installing: /home/user/ros2_ws/install/tortoisebot_waypoints/share/tortoisebot_waypoints/cmake/tortoisebot_waypoints__rosidl_typesupport_introspection_cExport.cmake
-- Installing: /home/user/ros2_ws/install/tortoisebot_waypoints/share/tortoisebot_waypoints/cmake/tortoisebot_waypoints__rosidl_typesupport_introspection_cExport-noconfig.cmake
-- Installing: /home/user/ros2_ws/install/tortoisebot_waypoints/share/tortoisebot_waypoints/cmake/tortoisebot_waypoints__rosidl_typesupport_cExport.cmake
-- Installing: /home/user/ros2_ws/install/tortoisebot_waypoints/share/tortoisebot_waypoints/cmake/tortoisebot_waypoints__rosidl_typesupport_cExport-noconfig.cmake
-- Installing: /home/user/ros2_ws/install/tortoisebot_waypoints/share/tortoisebot_waypoints/cmake/tortoisebot_waypoints__rosidl_generator_cppExport.cmake
-- Installing: /home/user/ros2_ws/install/tortoisebot_waypoints/share/tortoisebot_waypoints/cmake/tortoisebot_waypoints__rosidl_typesupport_introspection_cppExport.cmake
-- Installing: /home/user/ros2_ws/install/tortoisebot_waypoints/share/tortoisebot_waypoints/cmake/tortoisebot_waypoints__rosidl_typesupport_introspection_cppExport-noconfig.cmake
-- Installing: /home/user/ros2_ws/install/tortoisebot_waypoints/share/tortoisebot_waypoints/cmake/tortoisebot_waypoints__rosidl_typesupport_cppExport.cmake
-- Installing: /home/user/ros2_ws/install/tortoisebot_waypoints/share/tortoisebot_waypoints/cmake/tortoisebot_waypoints__rosidl_typesupport_cppExport-noconfig.cmake
-- Installing: /home/user/ros2_ws/install/tortoisebot_waypoints/share/tortoisebot_waypoints/cmake/rosidl_cmake-extras.cmake
-- Installing: /home/user/ros2_ws/install/tortoisebot_waypoints/share/tortoisebot_waypoints/cmake/ament_cmake_export_dependencies-extras.cmake
-- Installing: /home/user/ros2_ws/install/tortoisebot_waypoints/share/tortoisebot_waypoints/cmake/ament_cmake_export_libraries-extras.cmake
-- Installing: /home/user/ros2_ws/install/tortoisebot_waypoints/share/tortoisebot_waypoints/cmake/ament_cmake_export_targets-extras.cmake
-- Installing: /home/user/ros2_ws/install/tortoisebot_waypoints/share/tortoisebot_waypoints/cmake/ament_cmake_export_include_directories-extras.cmake
-- Installing: /home/user/ros2_ws/install/tortoisebot_waypoints/share/tortoisebot_waypoints/cmake/rosidl_cmake_export_typesupport_libraries-extras.cmake
-- Installing: /home/user/ros2_ws/install/tortoisebot_waypoints/share/tortoisebot_waypoints/cmake/rosidl_cmake_export_typesupport_targets-extras.cmake
-- Installing: /home/user/ros2_ws/install/tortoisebot_waypoints/share/tortoisebot_waypoints/cmake/tortoisebot_waypointsConfig.cmake
-- Installing: /home/user/ros2_ws/install/tortoisebot_waypoints/share/tortoisebot_waypoints/cmake/tortoisebot_waypointsConfig-version.cmake
-- Installing: /home/user/ros2_ws/install/tortoisebot_waypoints/share/tortoisebot_waypoints/package.xml
