[0.218s] Invoking command in '/home/user/ros2_ws/build/tortoisebot_waypoints': CMAKE_PREFIX_PATH=${CMAKE_PREFIX_PATH}:/opt/ros/galactic _=/usr/bin/env /usr/bin/cmake /home/user/ros2_ws/src/tortoisebot_waypoints -DCMAKE_INSTALL_PREFIX=/home/user/ros2_ws/install/tortoisebot_waypoints
[6.096s] -- The C compiler identification is GNU 9.4.0
[8.919s] -- The CXX compiler identification is GNU 9.4.0
[8.990s] -- Check for working C compiler: /usr/bin/cc
[9.070s] -- Check for working C compiler: /usr/bin/cc -- works
[9.072s] -- Detecting C compiler ABI info
[9.151s] -- Detecting C compiler ABI info - done
[9.163s] -- Detecting C compile features
[9.164s] -- Detecting C compile features - done
[9.169s] -- Check for working CXX compiler: /usr/bin/c++
[9.256s] -- Check for working CXX compiler: /usr/bin/c++ -- works
[9.257s] -- Detecting CXX compiler ABI info
[9.349s] -- Detecting CXX compiler ABI info - done
[9.361s] -- Detecting CXX compile features
[9.361s] -- Detecting CXX compile features - done
[9.373s] -- Found ament_cmake: 1.1.5 (/opt/ros/galactic/share/ament_cmake/cmake)
[9.595s] -- Found PythonInterp: /usr/bin/python3 (found suitable version "3.8.10", minimum required is "3") 
[9.595s] -- Using PYTHON_EXECUTABLE: /usr/bin/python3
[9.899s] -- Found ament_cmake_gtest: 1.1.5 (/opt/ros/galactic/share/ament_cmake_gtest/cmake)
[9.909s] -- Found rosidl_default_generators: 1.1.1 (/opt/ros/galactic/share/rosidl_default_generators/cmake)
[9.922s] -- Using all available rosidl_typesupport_c: rosidl_typesupport_fastrtps_c;rosidl_typesupport_introspection_c
[9.976s] -- Found rosidl_adapter: 2.2.2 (/opt/ros/galactic/share/rosidl_adapter/cmake)
[10.569s] -- Found OpenSSL: /usr/lib/x86_64-linux-gnu/libcrypto.so (found version "1.1.1f")  
[10.665s] -- Found FastRTPS: /opt/ros/galactic/include  
[11.158s] -- Using all available rosidl_typesupport_cpp: rosidl_typesupport_fastrtps_cpp;rosidl_typesupport_introspection_cpp
[11.245s] -- Found rclcpp: 9.2.1 (/opt/ros/galactic/share/rclcpp/cmake)
[11.646s] -- Found rmw_implementation_cmake: 3.3.1 (/opt/ros/galactic/share/rmw_implementation_cmake/cmake)
[11.660s] -- Found rmw_cyclonedds_cpp: 0.22.5 (/opt/ros/galactic/share/rmw_cyclonedds_cpp/cmake)
[11.698s] -- Using RMW implementation 'rmw_cyclonedds_cpp' as default
[11.702s] -- Looking for pthread.h
[12.176s] -- Looking for pthread.h - found
[12.176s] -- Performing Test CMAKE_HAVE_LIBC_PTHREAD
[12.312s] -- Performing Test CMAKE_HAVE_LIBC_PTHREAD - Failed
[12.312s] -- Looking for pthread_create in pthreads
[12.387s] -- Looking for pthread_create in pthreads - not found
[12.387s] -- Looking for pthread_create in pthread
[12.470s] -- Looking for pthread_create in pthread - found
[12.472s] -- Found Threads: TRUE  
[12.836s] -- Found rclcpp_action: 9.2.1 (/opt/ros/galactic/share/rclcpp_action/cmake)
[12.965s] -- Found geometry_msgs: 2.2.4 (/opt/ros/galactic/share/geometry_msgs/cmake)
[13.014s] -- Found nav_msgs: 2.2.4 (/opt/ros/galactic/share/nav_msgs/cmake)
[13.140s] -- Found tf2: 0.17.3 (/opt/ros/galactic/share/tf2/cmake)
[13.227s] -- Found GTest: /usr/lib/x86_64-linux-gnu/libgtest.a  
[13.255s] -- Found PythonInterp: /usr/bin/python3 (found version "3.8.10") 
[13.477s] -- Found ament_cmake_ros: 0.9.2 (/opt/ros/galactic/share/ament_cmake_ros/cmake)
[14.025s] -- Using all available rosidl_typesupport_c: rosidl_typesupport_fastrtps_c;rosidl_typesupport_introspection_c
[14.152s] -- Using all available rosidl_typesupport_cpp: rosidl_typesupport_fastrtps_cpp;rosidl_typesupport_introspection_cpp
[14.184s] -- Found PythonInterp: /usr/bin/python3 (found suitable version "3.8.10", minimum required is "3.5") 
[14.195s] -- Found python_cmake_module: 0.8.1 (/opt/ros/galactic/share/python_cmake_module/cmake)
[14.325s] -- Found PythonLibs: /usr/lib/x86_64-linux-gnu/libpython3.8.so (found suitable version "3.8.10", minimum required is "3.5") 
[14.325s] -- Using PYTHON_EXECUTABLE: /usr/bin/python3
[14.326s] -- Using PYTHON_INCLUDE_DIRS: /usr/include/python3.8
[14.326s] -- Using PYTHON_LIBRARIES: /usr/lib/x86_64-linux-gnu/libpython3.8.so
[14.350s] -- Found PythonExtra: .so  
[14.510s] -- Found gtest sources under '/opt/ros/galactic/src/gtest_vendor': C++ tests using 'Google Test' will be built
[14.516s] -- Check if compiler accepts -pthread
[14.599s] -- Check if compiler accepts -pthread - yes
[14.675s] -- Configuring done
[15.490s] -- Generating done
[15.494s] -- Build files have been written to: /home/user/ros2_ws/build/tortoisebot_waypoints
[15.508s] Invoked command in '/home/user/ros2_ws/build/tortoisebot_waypoints' returned '0': CMAKE_PREFIX_PATH=${CMAKE_PREFIX_PATH}:/opt/ros/galactic _=/usr/bin/env /usr/bin/cmake /home/user/ros2_ws/src/tortoisebot_waypoints -DCMAKE_INSTALL_PREFIX=/home/user/ros2_ws/install/tortoisebot_waypoints
[15.511s] Invoking command in '/home/user/ros2_ws/build/tortoisebot_waypoints': CMAKE_PREFIX_PATH=${CMAKE_PREFIX_PATH}:/opt/ros/galactic _=/usr/bin/env /usr/bin/cmake --build /home/user/ros2_ws/build/tortoisebot_waypoints -- -j8 -l8
[15.560s] [35m[1mScanning dependencies of target gtest[0m
[15.560s] [35m[1mScanning dependencies of target gtest_main[0m
[15.560s] [35m[1mScanning dependencies of target tortoisebot_waypoints__cpp[0m
[15.561s] [  2%] [34m[1mGenerating C code for ROS interfaces[0m
[15.573s] [  5%] [34m[1mGenerating C++ code for ROS interfaces[0m
[15.641s] [  7%] [32mBuilding CXX object gtest/CMakeFiles/gtest_main.dir/src/gtest_main.cc.o[0m
[15.642s] [ 10%] [32mBuilding CXX object gtest/CMakeFiles/gtest.dir/src/gtest-all.cc.o[0m
[16.161s] [ 10%] Built target tortoisebot_waypoints__cpp
[16.168s] [35m[1mScanning dependencies of target tortoisebot_waypoints__rosidl_generator_c[0m
[16.174s] [ 12%] [34m[1mGenerating C++ type support for eProsima Fast-RTPS[0m
[16.174s] [ 15%] [34m[1mGenerating C++ type support dispatch for ROS interfaces[0m
[16.175s] [ 17%] [34m[1mGenerating C++ introspection for ROS interfaces[0m
[16.458s] [35m[1mScanning dependencies of target tortoisebot_waypoints__rosidl_typesupport_cpp[0m
[16.505s] [35m[1mScanning dependencies of target tortoisebot_waypoints__rosidl_typesupport_introspection_cpp[0m
[16.524s] [ 20%] [32mBuilding C object CMakeFiles/tortoisebot_waypoints__rosidl_generator_c.dir/rosidl_generator_c/tortoisebot_waypoints/action/detail/waypoint__functions.c.o[0m
[16.558s] [35m[1mScanning dependencies of target tortoisebot_waypoints__rosidl_typesupport_fastrtps_cpp[0m
[16.687s] [ 23%] [32mBuilding CXX object CMakeFiles/tortoisebot_waypoints__rosidl_typesupport_introspection_cpp.dir/rosidl_typesupport_introspection_cpp/tortoisebot_waypoints/action/detail/waypoint__type_support.cpp.o[0m
[16.688s] [ 25%] [32mBuilding CXX object CMakeFiles/tortoisebot_waypoints__rosidl_typesupport_cpp.dir/rosidl_typesupport_cpp/tortoisebot_waypoints/action/waypoint__type_support.cpp.o[0m
[16.711s] [ 28%] [32mBuilding CXX object CMakeFiles/tortoisebot_waypoints__rosidl_typesupport_fastrtps_cpp.dir/rosidl_typesupport_fastrtps_cpp/tortoisebot_waypoints/action/detail/dds_fastrtps/waypoint__type_support.cpp.o[0m
[16.829s] [ 30%] [32m[1mLinking C shared library libtortoisebot_waypoints__rosidl_generator_c.so[0m
[17.008s] [ 30%] Built target tortoisebot_waypoints__rosidl_generator_c
[17.022s] [ 33%] [34m[1mGenerating C introspection for ROS interfaces[0m
[17.023s] [ 35%] [34m[1mGenerating C type support dispatch for ROS interfaces[0m
[17.329s] [35m[1mScanning dependencies of target tortoisebot_waypoints__rosidl_typesupport_c[0m
[17.354s] [ 38%] [32mBuilding CXX object CMakeFiles/tortoisebot_waypoints__rosidl_typesupport_c.dir/rosidl_typesupport_c/tortoisebot_waypoints/action/waypoint__type_support.cpp.o[0m
[17.396s] [35m[1mScanning dependencies of target tortoisebot_waypoints__rosidl_typesupport_introspection_c[0m
[17.409s] [ 41%] [32m[1mLinking CXX shared library libtortoisebot_waypoints__rosidl_typesupport_c.so[0m
[17.421s] [ 43%] [32mBuilding C object CMakeFiles/tortoisebot_waypoints__rosidl_typesupport_introspection_c.dir/rosidl_typesupport_introspection_c/tortoisebot_waypoints/action/detail/waypoint__type_support.c.o[0m
[17.457s] [ 43%] Built target tortoisebot_waypoints__rosidl_typesupport_c
[17.470s] [ 46%] [32m[1mLinking C shared library libtortoisebot_waypoints__rosidl_typesupport_introspection_c.so[0m
[17.508s] [ 46%] Built target tortoisebot_waypoints__rosidl_typesupport_introspection_c
[18.332s] [ 48%] [32m[1mLinking CXX shared library libtortoisebot_waypoints__rosidl_typesupport_cpp.so[0m
[18.333s] [ 51%] [32m[1mLinking CXX shared library libtortoisebot_waypoints__rosidl_typesupport_introspection_cpp.so[0m
[18.383s] [ 51%] Built target tortoisebot_waypoints__rosidl_typesupport_cpp
[18.435s] [ 51%] Built target tortoisebot_waypoints__rosidl_typesupport_introspection_cpp
[18.441s] [ 53%] [32m[1mLinking CXX shared library libtortoisebot_waypoints__rosidl_typesupport_fastrtps_cpp.so[0m
[18.759s] [ 56%] [32m[1mLinking CXX static library libgtest_main.a[0m
[18.839s] [ 56%] Built target tortoisebot_waypoints__rosidl_typesupport_fastrtps_cpp
[18.853s] [ 58%] [34m[1mGenerating C type support for eProsima Fast-RTPS[0m
[18.898s] [ 58%] Built target gtest_main
[19.230s] [35m[1mScanning dependencies of target tortoisebot_waypoints__rosidl_typesupport_fastrtps_c[0m
[19.261s] [ 61%] [32mBuilding CXX object CMakeFiles/tortoisebot_waypoints__rosidl_typesupport_fastrtps_c.dir/rosidl_typesupport_fastrtps_c/tortoisebot_waypoints/action/detail/waypoint__type_support_c.cpp.o[0m
[19.650s] [ 64%] [32m[1mLinking CXX shared library libtortoisebot_waypoints__rosidl_typesupport_fastrtps_c.so[0m
[19.746s] [ 64%] Built target tortoisebot_waypoints__rosidl_typesupport_fastrtps_c
[19.759s] [35m[1mScanning dependencies of target tortoisebot_waypoints[0m
[19.772s] [ 64%] Built target tortoisebot_waypoints
[19.785s] [35m[1mScanning dependencies of target tortoisebot_waypoints__py[0m
[19.785s] [35m[1mScanning dependencies of target tortoisebot_action_server[0m
[19.797s] [ 66%] [34m[1mGenerating Python code for ROS interfaces[0m
[20.831s] [ 69%] [32mBuilding CXX object CMakeFiles/tortoisebot_action_server.dir/src/tortoisebot_action_server.cpp.o[0m
[21.425s] [ 71%] [32m[1mLinking CXX static library libgtest.a[0m
[21.499s] [ 71%] Built target gtest
[21.511s] [35m[1mScanning dependencies of target test_tortoisebot_waypoints[0m
[21.852s] [ 74%] [32mBuilding CXX object CMakeFiles/test_tortoisebot_waypoints.dir/test/waypoints_test.cpp.o[0m
[23.593s] [ 74%] Built target tortoisebot_waypoints__py
[23.609s] [35m[1mScanning dependencies of target tortoisebot_waypoints__python[0m
[23.865s] [ 76%] [32mBuilding C object CMakeFiles/tortoisebot_waypoints__python.dir/rosidl_generator_py/tortoisebot_waypoints/action/_waypoint_s.c.o[0m
[24.221s] [ 79%] [32m[1mLinking C shared library rosidl_generator_py/tortoisebot_waypoints/libtortoisebot_waypoints__python.so[0m
[24.296s] [ 79%] Built target tortoisebot_waypoints__python
[24.313s] [35m[1mScanning dependencies of target tortoisebot_waypoints__rosidl_typesupport_introspection_c__pyext[0m
[24.313s] [35m[1mScanning dependencies of target tortoisebot_waypoints__rosidl_typesupport_c__pyext[0m
[24.336s] [35m[1mScanning dependencies of target tortoisebot_waypoints__rosidl_typesupport_fastrtps_c__pyext[0m
[24.364s] [ 82%] [32mBuilding C object CMakeFiles/tortoisebot_waypoints__rosidl_typesupport_introspection_c__pyext.dir/rosidl_generator_py/tortoisebot_waypoints/_tortoisebot_waypoints_s.ep.rosidl_typesupport_introspection_c.c.o[0m
[24.365s] [ 84%] [32mBuilding C object CMakeFiles/tortoisebot_waypoints__rosidl_typesupport_c__pyext.dir/rosidl_generator_py/tortoisebot_waypoints/_tortoisebot_waypoints_s.ep.rosidl_typesupport_c.c.o[0m
[24.387s] [ 87%] [32mBuilding C object CMakeFiles/tortoisebot_waypoints__rosidl_typesupport_fastrtps_c__pyext.dir/rosidl_generator_py/tortoisebot_waypoints/_tortoisebot_waypoints_s.ep.rosidl_typesupport_fastrtps_c.c.o[0m
[24.521s] [ 89%] [32m[1mLinking C shared library rosidl_generator_py/tortoisebot_waypoints/tortoisebot_waypoints_s__rosidl_typesupport_introspection_c.cpython-38-x86_64-linux-gnu.so[0m
[24.550s] [ 92%] [32m[1mLinking C shared library rosidl_generator_py/tortoisebot_waypoints/tortoisebot_waypoints_s__rosidl_typesupport_c.cpython-38-x86_64-linux-gnu.so[0m
[24.594s] [ 94%] [32m[1mLinking CXX shared library rosidl_generator_py/tortoisebot_waypoints/tortoisebot_waypoints_s__rosidl_typesupport_fastrtps_c.cpython-38-x86_64-linux-gnu.so[0m
[24.621s] [ 94%] Built target tortoisebot_waypoints__rosidl_typesupport_introspection_c__pyext
[24.661s] [ 94%] Built target tortoisebot_waypoints__rosidl_typesupport_c__pyext
[24.709s] [ 94%] Built target tortoisebot_waypoints__rosidl_typesupport_fastrtps_c__pyext
[31.605s] [ 97%] [32m[1mLinking CXX executable tortoisebot_action_server[0m
[32.756s] [ 97%] Built target tortoisebot_action_server
[33.059s] [100%] [32m[1mLinking CXX executable test_tortoisebot_waypoints[0m
[33.552s] [100%] Built target test_tortoisebot_waypoints
[33.568s] Invoked command in '/home/user/ros2_ws/build/tortoisebot_waypoints' returned '0': CMAKE_PREFIX_PATH=${CMAKE_PREFIX_PATH}:/opt/ros/galactic _=/usr/bin/env /usr/bin/cmake --build /home/user/ros2_ws/build/tortoisebot_waypoints -- -j8 -l8
[33.677s] Invoking command in '/home/user/ros2_ws/build/tortoisebot_waypoints': CMAKE_PREFIX_PATH=${CMAKE_PREFIX_PATH}:/opt/ros/galactic _=/usr/bin/env /usr/bin/cmake --install /home/user/ros2_ws/build/tortoisebot_waypoints
[33.688s] -- Install configuration: ""
[33.688s] -- Installing: /home/user/ros2_ws/install/tortoisebot_waypoints/share/ament_index/resource_index/rosidl_interfaces/tortoisebot_waypoints
[33.689s] -- Installing: /home/user/ros2_ws/install/tortoisebot_waypoints/include/tortoisebot_waypoints
[33.689s] -- Installing: /home/user/ros2_ws/install/tortoisebot_waypoints/include/tortoisebot_waypoints/msg
[33.689s] -- Installing: /home/user/ros2_ws/install/tortoisebot_waypoints/include/tortoisebot_waypoints/msg/rosidl_generator_c__visibility_control.h
[33.689s] -- Installing: /home/user/ros2_ws/install/tortoisebot_waypoints/include/tortoisebot_waypoints/action
[33.689s] -- Installing: /home/user/ros2_ws/install/tortoisebot_waypoints/include/tortoisebot_waypoints/action/detail
[33.689s] -- Installing: /home/user/ros2_ws/install/tortoisebot_waypoints/include/tortoisebot_waypoints/action/detail/waypoint__functions.h
[33.690s] -- Installing: /home/user/ros2_ws/install/tortoisebot_waypoints/include/tortoisebot_waypoints/action/detail/waypoint__struct.h
[33.690s] -- Installing: /home/user/ros2_ws/install/tortoisebot_waypoints/include/tortoisebot_waypoints/action/detail/waypoint__functions.c
[33.690s] -- Installing: /home/user/ros2_ws/install/tortoisebot_waypoints/include/tortoisebot_waypoints/action/detail/waypoint__type_support.h
[33.690s] -- Installing: /home/user/ros2_ws/install/tortoisebot_waypoints/include/tortoisebot_waypoints/action/waypoint.h
[33.690s] -- Installing: /home/user/ros2_ws/install/tortoisebot_waypoints/share/tortoisebot_waypoints/environment/library_path.sh
[33.691s] -- Installing: /home/user/ros2_ws/install/tortoisebot_waypoints/share/tortoisebot_waypoints/environment/library_path.dsv
[33.691s] -- Installing: /home/user/ros2_ws/install/tortoisebot_waypoints/lib/libtortoisebot_waypoints__rosidl_generator_c.so
[33.692s] -- Set runtime path of "/home/user/ros2_ws/install/tortoisebot_waypoints/lib/libtortoisebot_waypoints__rosidl_generator_c.so" to ""
[33.692s] -- Up-to-date: /home/user/ros2_ws/install/tortoisebot_waypoints/include/tortoisebot_waypoints
[33.692s] -- Up-to-date: /home/user/ros2_ws/install/tortoisebot_waypoints/include/tortoisebot_waypoints/msg
[33.692s] -- Installing: /home/user/ros2_ws/install/tortoisebot_waypoints/include/tortoisebot_waypoints/msg/rosidl_typesupport_fastrtps_c__visibility_control.h
[33.692s] -- Up-to-date: /home/user/ros2_ws/install/tortoisebot_waypoints/include/tortoisebot_waypoints/action
[33.692s] -- Up-to-date: /home/user/ros2_ws/install/tortoisebot_waypoints/include/tortoisebot_waypoints/action/detail
[33.692s] -- Installing: /home/user/ros2_ws/install/tortoisebot_waypoints/include/tortoisebot_waypoints/action/detail/waypoint__rosidl_typesupport_fastrtps_c.h
[33.692s] -- Installing: /home/user/ros2_ws/install/tortoisebot_waypoints/lib/libtortoisebot_waypoints__rosidl_typesupport_fastrtps_c.so
[33.693s] -- Set runtime path of "/home/user/ros2_ws/install/tortoisebot_waypoints/lib/libtortoisebot_waypoints__rosidl_typesupport_fastrtps_c.so" to ""
[33.693s] -- Up-to-date: /home/user/ros2_ws/install/tortoisebot_waypoints/include/tortoisebot_waypoints
[33.693s] -- Up-to-date: /home/user/ros2_ws/install/tortoisebot_waypoints/include/tortoisebot_waypoints/msg
[33.693s] -- Installing: /home/user/ros2_ws/install/tortoisebot_waypoints/include/tortoisebot_waypoints/msg/rosidl_typesupport_fastrtps_cpp__visibility_control.h
[33.693s] -- Up-to-date: /home/user/ros2_ws/install/tortoisebot_waypoints/include/tortoisebot_waypoints/action
[33.694s] -- Up-to-date: /home/user/ros2_ws/install/tortoisebot_waypoints/include/tortoisebot_waypoints/action/detail
[33.694s] -- Installing: /home/user/ros2_ws/install/tortoisebot_waypoints/include/tortoisebot_waypoints/action/detail/dds_fastrtps
[33.694s] -- Installing: /home/user/ros2_ws/install/tortoisebot_waypoints/include/tortoisebot_waypoints/action/detail/waypoint__rosidl_typesupport_fastrtps_cpp.hpp
[33.694s] -- Installing: /home/user/ros2_ws/install/tortoisebot_waypoints/lib/libtortoisebot_waypoints__rosidl_typesupport_fastrtps_cpp.so
[33.694s] -- Set runtime path of "/home/user/ros2_ws/install/tortoisebot_waypoints/lib/libtortoisebot_waypoints__rosidl_typesupport_fastrtps_cpp.so" to ""
[33.695s] -- Up-to-date: /home/user/ros2_ws/install/tortoisebot_waypoints/include/tortoisebot_waypoints
[33.695s] -- Up-to-date: /home/user/ros2_ws/install/tortoisebot_waypoints/include/tortoisebot_waypoints/msg
[33.695s] -- Installing: /home/user/ros2_ws/install/tortoisebot_waypoints/include/tortoisebot_waypoints/msg/rosidl_typesupport_introspection_c__visibility_control.h
[33.695s] -- Up-to-date: /home/user/ros2_ws/install/tortoisebot_waypoints/include/tortoisebot_waypoints/action
[33.695s] -- Up-to-date: /home/user/ros2_ws/install/tortoisebot_waypoints/include/tortoisebot_waypoints/action/detail
[33.695s] -- Installing: /home/user/ros2_ws/install/tortoisebot_waypoints/include/tortoisebot_waypoints/action/detail/waypoint__type_support.c
[33.696s] -- Installing: /home/user/ros2_ws/install/tortoisebot_waypoints/include/tortoisebot_waypoints/action/detail/waypoint__rosidl_typesupport_introspection_c.h
[33.696s] -- Installing: /home/user/ros2_ws/install/tortoisebot_waypoints/lib/libtortoisebot_waypoints__rosidl_typesupport_introspection_c.so
[33.696s] -- Set runtime path of "/home/user/ros2_ws/install/tortoisebot_waypoints/lib/libtortoisebot_waypoints__rosidl_typesupport_introspection_c.so" to ""
[33.696s] -- Installing: /home/user/ros2_ws/install/tortoisebot_waypoints/lib/libtortoisebot_waypoints__rosidl_typesupport_c.so
[33.697s] -- Set runtime path of "/home/user/ros2_ws/install/tortoisebot_waypoints/lib/libtortoisebot_waypoints__rosidl_typesupport_c.so" to ""
[33.697s] -- Up-to-date: /home/user/ros2_ws/install/tortoisebot_waypoints/include/tortoisebot_waypoints
[33.697s] -- Up-to-date: /home/user/ros2_ws/install/tortoisebot_waypoints/include/tortoisebot_waypoints/action
[33.697s] -- Up-to-date: /home/user/ros2_ws/install/tortoisebot_waypoints/include/tortoisebot_waypoints/action/detail
[33.698s] -- Installing: /home/user/ros2_ws/install/tortoisebot_waypoints/include/tortoisebot_waypoints/action/detail/waypoint__traits.hpp
[33.698s] -- Installing: /home/user/ros2_ws/install/tortoisebot_waypoints/include/tortoisebot_waypoints/action/detail/waypoint__struct.hpp
[33.698s] -- Installing: /home/user/ros2_ws/install/tortoisebot_waypoints/include/tortoisebot_waypoints/action/detail/waypoint__builder.hpp
[33.698s] -- Installing: /home/user/ros2_ws/install/tortoisebot_waypoints/include/tortoisebot_waypoints/action/waypoint.hpp
[33.698s] -- Up-to-date: /home/user/ros2_ws/install/tortoisebot_waypoints/include/tortoisebot_waypoints
[33.698s] -- Up-to-date: /home/user/ros2_ws/install/tortoisebot_waypoints/include/tortoisebot_waypoints/action
[33.699s] -- Up-to-date: /home/user/ros2_ws/install/tortoisebot_waypoints/include/tortoisebot_waypoints/action/detail
[33.699s] -- Installing: /home/user/ros2_ws/install/tortoisebot_waypoints/include/tortoisebot_waypoints/action/detail/waypoint__type_support.cpp
[33.699s] -- Installing: /home/user/ros2_ws/install/tortoisebot_waypoints/include/tortoisebot_waypoints/action/detail/waypoint__rosidl_typesupport_introspection_cpp.hpp
[33.699s] -- Installing: /home/user/ros2_ws/install/tortoisebot_waypoints/lib/libtortoisebot_waypoints__rosidl_typesupport_introspection_cpp.so
[33.699s] -- Set runtime path of "/home/user/ros2_ws/install/tortoisebot_waypoints/lib/libtortoisebot_waypoints__rosidl_typesupport_introspection_cpp.so" to ""
[33.700s] -- Installing: /home/user/ros2_ws/install/tortoisebot_waypoints/lib/libtortoisebot_waypoints__rosidl_typesupport_cpp.so
[33.700s] -- Set runtime path of "/home/user/ros2_ws/install/tortoisebot_waypoints/lib/libtortoisebot_waypoints__rosidl_typesupport_cpp.so" to ""
[33.700s] -- Installing: /home/user/ros2_ws/install/tortoisebot_waypoints/share/tortoisebot_waypoints/environment/pythonpath.sh
[33.700s] -- Installing: /home/user/ros2_ws/install/tortoisebot_waypoints/share/tortoisebot_waypoints/environment/pythonpath.dsv
[33.701s] -- Installing: /home/user/ros2_ws/install/tortoisebot_waypoints/lib/python3.8/site-packages/tortoisebot_waypoints/__init__.py
[33.752s] Compiling '/home/user/ros2_ws/install/tortoisebot_waypoints/lib/python3.8/site-packages/tortoisebot_waypoints/__init__.py'...
[33.757s] -- Installing: /home/user/ros2_ws/install/tortoisebot_waypoints/lib/python3.8/site-packages/tortoisebot_waypoints/action
[33.757s] -- Installing: /home/user/ros2_ws/install/tortoisebot_waypoints/lib/python3.8/site-packages/tortoisebot_waypoints/action/__init__.py
[33.757s] -- Installing: /home/user/ros2_ws/install/tortoisebot_waypoints/lib/python3.8/site-packages/tortoisebot_waypoints/action/_waypoint_s.c
[33.757s] -- Installing: /home/user/ros2_ws/install/tortoisebot_waypoints/lib/python3.8/site-packages/tortoisebot_waypoints/action/_waypoint.py
[33.758s] -- Installing: /home/user/ros2_ws/install/tortoisebot_waypoints/lib/python3.8/site-packages/tortoisebot_waypoints/tortoisebot_waypoints_s__rosidl_typesupport_fastrtps_c.cpython-38-x86_64-linux-gnu.so
[33.759s] -- Set runtime path of "/home/user/ros2_ws/install/tortoisebot_waypoints/lib/python3.8/site-packages/tortoisebot_waypoints/tortoisebot_waypoints_s__rosidl_typesupport_fastrtps_c.cpython-38-x86_64-linux-gnu.so" to ""
[33.759s] -- Installing: /home/user/ros2_ws/install/tortoisebot_waypoints/lib/python3.8/site-packages/tortoisebot_waypoints/tortoisebot_waypoints_s__rosidl_typesupport_introspection_c.cpython-38-x86_64-linux-gnu.so
[33.760s] -- Set runtime path of "/home/user/ros2_ws/install/tortoisebot_waypoints/lib/python3.8/site-packages/tortoisebot_waypoints/tortoisebot_waypoints_s__rosidl_typesupport_introspection_c.cpython-38-x86_64-linux-gnu.so" to ""
[33.760s] -- Installing: /home/user/ros2_ws/install/tortoisebot_waypoints/lib/python3.8/site-packages/tortoisebot_waypoints/tortoisebot_waypoints_s__rosidl_typesupport_c.cpython-38-x86_64-linux-gnu.so
[33.761s] -- Set runtime path of "/home/user/ros2_ws/install/tortoisebot_waypoints/lib/python3.8/site-packages/tortoisebot_waypoints/tortoisebot_waypoints_s__rosidl_typesupport_c.cpython-38-x86_64-linux-gnu.so" to ""
[33.761s] -- Installing: /home/user/ros2_ws/install/tortoisebot_waypoints/lib/libtortoisebot_waypoints__python.so
[33.762s] -- Set runtime path of "/home/user/ros2_ws/install/tortoisebot_waypoints/lib/libtortoisebot_waypoints__python.so" to ""
[33.762s] -- Installing: /home/user/ros2_ws/install/tortoisebot_waypoints/share/tortoisebot_waypoints/action/Waypoint.idl
[33.762s] -- Installing: /home/user/ros2_ws/install/tortoisebot_waypoints/share/tortoisebot_waypoints/action/Waypoint.action
[33.763s] -- Installing: /home/user/ros2_ws/install/tortoisebot_waypoints/lib/tortoisebot_waypoints/tortoisebot_action_server
[33.769s] -- Set runtime path of "/home/user/ros2_ws/install/tortoisebot_waypoints/lib/tortoisebot_waypoints/tortoisebot_action_server" to ""
[33.769s] -- Installing: /home/user/ros2_ws/install/tortoisebot_waypoints/share/ament_index/resource_index/package_run_dependencies/tortoisebot_waypoints
[33.769s] -- Installing: /home/user/ros2_ws/install/tortoisebot_waypoints/share/ament_index/resource_index/parent_prefix_path/tortoisebot_waypoints
[33.769s] -- Installing: /home/user/ros2_ws/install/tortoisebot_waypoints/share/tortoisebot_waypoints/environment/ament_prefix_path.sh
[33.770s] -- Installing: /home/user/ros2_ws/install/tortoisebot_waypoints/share/tortoisebot_waypoints/environment/ament_prefix_path.dsv
[33.770s] -- Installing: /home/user/ros2_ws/install/tortoisebot_waypoints/share/tortoisebot_waypoints/environment/path.sh
[33.770s] -- Installing: /home/user/ros2_ws/install/tortoisebot_waypoints/share/tortoisebot_waypoints/environment/path.dsv
[33.770s] -- Installing: /home/user/ros2_ws/install/tortoisebot_waypoints/share/tortoisebot_waypoints/local_setup.bash
[33.771s] -- Installing: /home/user/ros2_ws/install/tortoisebot_waypoints/share/tortoisebot_waypoints/local_setup.sh
[33.771s] -- Installing: /home/user/ros2_ws/install/tortoisebot_waypoints/share/tortoisebot_waypoints/local_setup.zsh
[33.771s] -- Installing: /home/user/ros2_ws/install/tortoisebot_waypoints/share/tortoisebot_waypoints/local_setup.dsv
[33.771s] -- Installing: /home/user/ros2_ws/install/tortoisebot_waypoints/share/tortoisebot_waypoints/package.dsv
[33.771s] -- Installing: /home/user/ros2_ws/install/tortoisebot_waypoints/share/ament_index/resource_index/packages/tortoisebot_waypoints
[33.772s] -- Installing: /home/user/ros2_ws/install/tortoisebot_waypoints/share/tortoisebot_waypoints/cmake/tortoisebot_waypoints__rosidl_generator_cExport.cmake
[33.772s] -- Installing: /home/user/ros2_ws/install/tortoisebot_waypoints/share/tortoisebot_waypoints/cmake/tortoisebot_waypoints__rosidl_generator_cExport-noconfig.cmake
[33.772s] -- Installing: /home/user/ros2_ws/install/tortoisebot_waypoints/share/tortoisebot_waypoints/cmake/tortoisebot_waypoints__rosidl_typesupport_introspection_cExport.cmake
[33.772s] -- Installing: /home/user/ros2_ws/install/tortoisebot_waypoints/share/tortoisebot_waypoints/cmake/tortoisebot_waypoints__rosidl_typesupport_introspection_cExport-noconfig.cmake
[33.773s] -- Installing: /home/user/ros2_ws/install/tortoisebot_waypoints/share/tortoisebot_waypoints/cmake/tortoisebot_waypoints__rosidl_typesupport_cExport.cmake
[33.773s] -- Installing: /home/user/ros2_ws/install/tortoisebot_waypoints/share/tortoisebot_waypoints/cmake/tortoisebot_waypoints__rosidl_typesupport_cExport-noconfig.cmake
[33.773s] -- Installing: /home/user/ros2_ws/install/tortoisebot_waypoints/share/tortoisebot_waypoints/cmake/tortoisebot_waypoints__rosidl_generator_cppExport.cmake
[33.774s] -- Installing: /home/user/ros2_ws/install/tortoisebot_waypoints/share/tortoisebot_waypoints/cmake/tortoisebot_waypoints__rosidl_typesupport_introspection_cppExport.cmake
[33.774s] -- Installing: /home/user/ros2_ws/install/tortoisebot_waypoints/share/tortoisebot_waypoints/cmake/tortoisebot_waypoints__rosidl_typesupport_introspection_cppExport-noconfig.cmake
[33.774s] -- Installing: /home/user/ros2_ws/install/tortoisebot_waypoints/share/tortoisebot_waypoints/cmake/tortoisebot_waypoints__rosidl_typesupport_cppExport.cmake
[33.774s] -- Installing: /home/user/ros2_ws/install/tortoisebot_waypoints/share/tortoisebot_waypoints/cmake/tortoisebot_waypoints__rosidl_typesupport_cppExport-noconfig.cmake
[33.775s] -- Installing: /home/user/ros2_ws/install/tortoisebot_waypoints/share/tortoisebot_waypoints/cmake/rosidl_cmake-extras.cmake
[33.775s] -- Installing: /home/user/ros2_ws/install/tortoisebot_waypoints/share/tortoisebot_waypoints/cmake/ament_cmake_export_dependencies-extras.cmake
[33.775s] -- Installing: /home/user/ros2_ws/install/tortoisebot_waypoints/share/tortoisebot_waypoints/cmake/ament_cmake_export_libraries-extras.cmake
[33.780s] -- Installing: /home/user/ros2_ws/install/tortoisebot_waypoints/share/tortoisebot_waypoints/cmake/ament_cmake_export_targets-extras.cmake
[33.792s] -- Installing: /home/user/ros2_ws/install/tortoisebot_waypoints/share/tortoisebot_waypoints/cmake/ament_cmake_export_include_directories-extras.cmake
[33.793s] -- Installing: /home/user/ros2_ws/install/tortoisebot_waypoints/share/tortoisebot_waypoints/cmake/rosidl_cmake_export_typesupport_libraries-extras.cmake
[33.793s] -- Installing: /home/user/ros2_ws/install/tortoisebot_waypoints/share/tortoisebot_waypoints/cmake/rosidl_cmake_export_typesupport_targets-extras.cmake
[33.794s] -- Installing: /home/user/ros2_ws/install/tortoisebot_waypoints/share/tortoisebot_waypoints/cmake/tortoisebot_waypointsConfig.cmake
[33.795s] -- Installing: /home/user/ros2_ws/install/tortoisebot_waypoints/share/tortoisebot_waypoints/cmake/tortoisebot_waypointsConfig-version.cmake
[33.795s] -- Installing: /home/user/ros2_ws/install/tortoisebot_waypoints/share/tortoisebot_waypoints/package.xml
[33.795s] Invoked command in '/home/user/ros2_ws/build/tortoisebot_waypoints' returned '0': CMAKE_PREFIX_PATH=${CMAKE_PREFIX_PATH}:/opt/ros/galactic _=/usr/bin/env /usr/bin/cmake --install /home/user/ros2_ws/build/tortoisebot_waypoints
