[0.238s] Invoking command in '/home/user/ros2_ws/build/tortoisebot_gazebo': CMAKE_PREFIX_PATH=${CMAKE_PREFIX_PATH}:/opt/ros/galactic _=/usr/bin/env /usr/bin/cmake --build /home/user/ros2_ws/build/tortoisebot_gazebo -- -j8 -l8
[2.033s] Invoked command in '/home/user/ros2_ws/build/tortoisebot_gazebo' returned '0': CMAKE_PREFIX_PATH=${CMAKE_PREFIX_PATH}:/opt/ros/galactic _=/usr/bin/env /usr/bin/cmake --build /home/user/ros2_ws/build/tortoisebot_gazebo -- -j8 -l8
[2.109s] Invoking command in '/home/user/ros2_ws/build/tortoisebot_gazebo': CMAKE_PREFIX_PATH=${CMAKE_PREFIX_PATH}:/opt/ros/galactic _=/usr/bin/env /usr/bin/cmake --install /home/user/ros2_ws/build/tortoisebot_gazebo
[2.116s] -- Install configuration: ""
[2.116s] -- Up-to-date: /home/user/ros2_ws/install/tortoisebot_gazebo/share/tortoisebot_gazebo/gazebo
[2.116s] -- Up-to-date: /home/user/ros2_ws/install/tortoisebot_gazebo/share/tortoisebot_gazebo/gazebo/tortoisebot_physics.gazebo
[2.116s] -- Up-to-date: /home/user/ros2_ws/install/tortoisebot_gazebo/share/tortoisebot_gazebo/gazebo/tortoisebot_plugins.gazebo
[2.116s] -- Up-to-date: /home/user/ros2_ws/install/tortoisebot_gazebo/share/tortoisebot_gazebo/gazebo/tortoisebot_materials.gazebo
[2.116s] -- Up-to-date: /home/user/ros2_ws/install/tortoisebot_gazebo/share/tortoisebot_gazebo/launch
[2.116s] -- Up-to-date: /home/user/ros2_ws/install/tortoisebot_gazebo/share/tortoisebot_gazebo/launch/gazebo.launch.py
[2.116s] -- Up-to-date: /home/user/ros2_ws/install/tortoisebot_gazebo/share/tortoisebot_gazebo/worlds
[2.117s] -- Up-to-date: /home/user/ros2_ws/install/tortoisebot_gazebo/share/tortoisebot_gazebo/worlds/room2.sdf
[2.117s] -- Up-to-date: /home/user/ros2_ws/install/tortoisebot_gazebo/share/ament_index/resource_index/package_run_dependencies/tortoisebot_gazebo
[2.117s] -- Up-to-date: /home/user/ros2_ws/install/tortoisebot_gazebo/share/ament_index/resource_index/parent_prefix_path/tortoisebot_gazebo
[2.117s] -- Up-to-date: /home/user/ros2_ws/install/tortoisebot_gazebo/share/tortoisebot_gazebo/environment/ament_prefix_path.sh
[2.117s] -- Up-to-date: /home/user/ros2_ws/install/tortoisebot_gazebo/share/tortoisebot_gazebo/environment/ament_prefix_path.dsv
[2.117s] -- Up-to-date: /home/user/ros2_ws/install/tortoisebot_gazebo/share/tortoisebot_gazebo/environment/path.sh
[2.117s] -- Up-to-date: /home/user/ros2_ws/install/tortoisebot_gazebo/share/tortoisebot_gazebo/environment/path.dsv
[2.117s] -- Up-to-date: /home/user/ros2_ws/install/tortoisebot_gazebo/share/tortoisebot_gazebo/local_setup.bash
[2.118s] -- Up-to-date: /home/user/ros2_ws/install/tortoisebot_gazebo/share/tortoisebot_gazebo/local_setup.sh
[2.118s] -- Up-to-date: /home/user/ros2_ws/install/tortoisebot_gazebo/share/tortoisebot_gazebo/local_setup.zsh
[2.118s] -- Up-to-date: /home/user/ros2_ws/install/tortoisebot_gazebo/share/tortoisebot_gazebo/local_setup.dsv
[2.118s] -- Installing: /home/user/ros2_ws/install/tortoisebot_gazebo/share/tortoisebot_gazebo/package.dsv
[2.118s] -- Up-to-date: /home/user/ros2_ws/install/tortoisebot_gazebo/share/ament_index/resource_index/packages/tortoisebot_gazebo
[2.118s] -- Up-to-date: /home/user/ros2_ws/install/tortoisebot_gazebo/share/tortoisebot_gazebo/cmake/tortoisebot_gazeboConfig.cmake
[2.119s] -- Up-to-date: /home/user/ros2_ws/install/tortoisebot_gazebo/share/tortoisebot_gazebo/cmake/tortoisebot_gazeboConfig-version.cmake
[2.120s] -- Up-to-date: /home/user/ros2_ws/install/tortoisebot_gazebo/share/tortoisebot_gazebo/package.xml
[2.177s] Invoked command in '/home/user/ros2_ws/build/tortoisebot_gazebo' returned '0': CMAKE_PREFIX_PATH=${CMAKE_PREFIX_PATH}:/opt/ros/galactic _=/usr/bin/env /usr/bin/cmake --install /home/user/ros2_ws/build/tortoisebot_gazebo
