[0.212s] Invoking command in '/home/user/ros2_ws/build/ydlidar': CMAKE_PREFIX_PATH=${CMAKE_PREFIX_PATH}:/opt/ros/galactic _=/usr/bin/env /usr/bin/cmake --build /home/user/ros2_ws/build/ydlidar -- -j8 -l8
[2.010s] [ 18%] Built target ydlidar_client
[2.015s] [100%] Built target ydlidar_node
[2.044s] Invoked command in '/home/user/ros2_ws/build/ydlidar' returned '0': CMAKE_PREFIX_PATH=${CMAKE_PREFIX_PATH}:/opt/ros/galactic _=/usr/bin/env /usr/bin/cmake --build /home/user/ros2_ws/build/ydlidar -- -j8 -l8
[2.152s] Invoking command in '/home/user/ros2_ws/build/ydlidar': CMAKE_PREFIX_PATH=${CMAKE_PREFIX_PATH}:/opt/ros/galactic _=/usr/bin/env /usr/bin/cmake --install /home/user/ros2_ws/build/ydlidar
[2.238s] -- Install configuration: ""
[2.239s] -- Up-to-date: /home/user/ros2_ws/install/ydlidar/lib/ydlidar/ydlidar_node
[2.239s] -- Up-to-date: /home/user/ros2_ws/install/ydlidar/lib/ydlidar/ydlidar_client
[2.240s] -- Up-to-date: /home/user/ros2_ws/install/ydlidar/share/ydlidar/launch
[2.240s] -- Up-to-date: /home/user/ros2_ws/install/ydlidar/share/ydlidar/launch/x2_ydlidar_launch.py
[2.241s] -- Up-to-date: /home/user/ros2_ws/install/ydlidar/share/ydlidar/launch/ydlidar.py
[2.242s] -- Up-to-date: /home/user/ros2_ws/install/ydlidar/share/ydlidar/launch/x4_ydlidar_launch.py
[2.242s] -- Up-to-date: /home/user/ros2_ws/install/ydlidar/share/ydlidar/params
[2.242s] -- Up-to-date: /home/user/ros2_ws/install/ydlidar/share/ydlidar/params/ydlidar_x4.yaml
[2.242s] -- Up-to-date: /home/user/ros2_ws/install/ydlidar/share/ydlidar/params/ydlidar_x2.yaml
[2.242s] -- Up-to-date: /home/user/ros2_ws/install/ydlidar/share/ydlidar/startup
[2.242s] -- Up-to-date: /home/user/ros2_ws/install/ydlidar/share/ydlidar/startup/initenv.sh
[2.242s] -- Up-to-date: /home/user/ros2_ws/install/ydlidar/share/ament_index/resource_index/package_run_dependencies/ydlidar
[2.243s] -- Up-to-date: /home/user/ros2_ws/install/ydlidar/share/ament_index/resource_index/parent_prefix_path/ydlidar
[2.243s] -- Up-to-date: /home/user/ros2_ws/install/ydlidar/share/ydlidar/environment/ament_prefix_path.sh
[2.243s] -- Up-to-date: /home/user/ros2_ws/install/ydlidar/share/ydlidar/environment/ament_prefix_path.dsv
[2.243s] -- Up-to-date: /home/user/ros2_ws/install/ydlidar/share/ydlidar/environment/path.sh
[2.243s] -- Up-to-date: /home/user/ros2_ws/install/ydlidar/share/ydlidar/environment/path.dsv
[2.243s] -- Up-to-date: /home/user/ros2_ws/install/ydlidar/share/ydlidar/local_setup.bash
[2.243s] -- Up-to-date: /home/user/ros2_ws/install/ydlidar/share/ydlidar/local_setup.sh
[2.243s] -- Up-to-date: /home/user/ros2_ws/install/ydlidar/share/ydlidar/local_setup.zsh
[2.244s] -- Up-to-date: /home/user/ros2_ws/install/ydlidar/share/ydlidar/local_setup.dsv
[2.244s] -- Installing: /home/user/ros2_ws/install/ydlidar/share/ydlidar/package.dsv
[2.244s] -- Up-to-date: /home/user/ros2_ws/install/ydlidar/share/ament_index/resource_index/packages/ydlidar
[2.244s] -- Up-to-date: /home/user/ros2_ws/install/ydlidar/share/ydlidar/cmake/ydlidarConfig.cmake
[2.244s] -- Up-to-date: /home/user/ros2_ws/install/ydlidar/share/ydlidar/cmake/ydlidarConfig-version.cmake
[2.244s] -- Up-to-date: /home/user/ros2_ws/install/ydlidar/share/ydlidar/package.xml
[2.259s] Invoked command in '/home/user/ros2_ws/build/ydlidar' returned '0': CMAKE_PREFIX_PATH=${CMAKE_PREFIX_PATH}:/opt/ros/galactic _=/usr/bin/env /usr/bin/cmake --install /home/user/ros2_ws/build/ydlidar
